#
# A fatal error has been detected by the Java Runtime Environment:
#
#  EXCEPTION_ACCESS_VIOLATION (0xc0000005) at pc=0x0000021312501066, pid=13072, tid=0x000000000000265c
#
# JRE version: OpenJDK Runtime Environment (8.0_265-b01) (build 1.8.0_265-b01)
# Java VM: OpenJDK 64-Bit Server VM (25.265-b01 mixed mode windows-amd64 compressed oops)
# Problematic frame:
# C  [OpenAL64.dll+0x11066]
#
# Failed to write core dump. Minidumps are not enabled by default on client versions of Windows
#
# If you would like to submit a bug report, please visit:
#   http://bugreport.java.com/bugreport/crash.jsp
# The crash happened outside the Java Virtual Machine in native code.
# See problematic frame for where to report the bug.
#

---------------  T H R E A D  ---------------

Current thread (0x0000021375729000):  JavaThread "main" [_thread_in_native, id=9820, stack(0x000000c3f3f00000,0x000000c3f4000000)]

siginfo: ExceptionCode=0xc0000005, reading address 0x0000021311293004

Registers:
RAX=0x0000000000000004, RBX=0x0000021312780090, RCX=0x0000021311293008, RDX=0x0000021311293004
RSP=0x000000c3f3ffc7e0, RBP=0x00000000000000ff, RSI=0x000002131128fb2c, RDI=0x0000000000000000
R8 =0x0000000000000d36, R9 =0x000002131128fb2c, R10=0x0000021300019c62, R11=0x00000000622aea10
R12=0x0000000000000001, R13=0x0000021311fd82e8, R14=0x000000c3f3ffc980, R15=0x0000021375729000
RIP=0x0000021312501066, EFLAGS=0x0000000000010202

Top of Stack: (sp=0x000000c3f3ffc7e0)
0x000000c3f3ffc7e0:   0000000000000000 0000000000000000
0x000000c3f3ffc7f0:   0000000000000000 0000021375729000
0x000000c3f3ffc800:   000000c3f3ffc980 0000021311fd82e8
0x000000c3f3ffc810:   0000021375729000 0000021375715e80
0x000000c3f3ffc820:   0000021311fd82e8 0000000000000000
0x000000c3f3ffc830:   00000213756f4d10 00000000621495a5
0x000000c3f3ffc840:   000000c3f3ffd110 0000021375729500
0x000000c3f3ffc850:   0000021375729000 000000c3f3ffc980
0x000000c3f3ffc860:   0000021311fd82e8 0000000000000000
0x000000c3f3ffc870:   000002131128fb2c 0000000000000248
0x000000c3f3ffc880:   000000c3f3ffc948 000002131250248f
0x000000c3f3ffc890:   0000021312780090 0000021312780090
0x000000c3f3ffc8a0:   000000000000ac44 0000021300000004
0x000000c3f3ffc8b0:   0000021300007bd0 0000021300019c8e
0x000000c3f3ffc8c0:   0000021311fd82e8 000000c3f3ffc8c8
0x000000c3f3ffc8d0:   0000021300007bd0 000002130001999b 

Instructions: (pc=0x0000021312501066)
0x0000021312501046:   41 2b ec 81 3a 03 00 02 00 75 09 8b 01 89 84 24
0x0000021312501056:   c8 00 00 00 49 83 c0 02 48 83 c1 08 4a 8d 14 86
0x0000021312501066:   39 3a 75 af 4c 8d 84 24 c0 00 00 00 48 8d 15 d7
0x0000021312501076:   2b 03 00 33 c9 e8 58 5f 00 00 b8 40 1f 00 00 4c 


Register to memory mapping:

RAX=0x0000000000000004 is an unknown value
RBX=0x0000021312780090 is an unknown value
RCX=0x0000021311293008 is an unknown value
RDX=0x0000021311293004 is an unknown value
RSP=0x000000c3f3ffc7e0 is pointing into the stack for thread: 0x0000021375729000
RBP=0x00000000000000ff is an unknown value
RSI=0x000002131128fb2c is an unknown value
RDI=0x0000000000000000 is an unknown value
R8 =0x0000000000000d36 is an unknown value
R9 =0x000002131128fb2c is an unknown value
R10=0x0000021300019c62 is at code_begin+962 in an Interpreter codelet
method entry point (kind = native)  [0x00000213000198a0, 0x000002130001a340]  2720 bytes
R11=0x00000000622aea10 is an unknown value
R12=0x0000000000000001 is an unknown value
R13={method} {0x0000021311fd82f0} 'nalcCreateContext' '(JJ)J' in 'org/lwjgl/openal/ALC10'
R14=0x000000c3f3ffc980 is pointing into the stack for thread: 0x0000021375729000
R15=0x0000021375729000 is a thread


Stack: [0x000000c3f3f00000,0x000000c3f4000000],  sp=0x000000c3f3ffc7e0,  free space=1009k
Native frames: (J=compiled Java code, j=interpreted, Vv=VM code, C=native code)
C  [OpenAL64.dll+0x11066]
C  [OpenAL64.dll+0x1248f]
C  0x0000021300019c8e

Java frames: (J=compiled Java code, j=interpreted, Vv=VM code)
j  org.lwjgl.openal.ALC10.nalcCreateContext(JJ)J+0
j  org.lwjgl.openal.ALC10.alcCreateContext(Lorg/lwjgl/openal/ALCdevice;Ljava/nio/IntBuffer;)Lorg/lwjgl/openal/ALCcontext;+8
j  org.lwjgl.openal.AL.init(Ljava/lang/String;IIZZ)V+69
j  org.lwjgl.openal.AL.create(Ljava/lang/String;IIZZ)V+246
j  org.lwjgl.openal.AL.create(Ljava/lang/String;IIZ)V+5
j  org.lwjgl.openal.AL.create()V+6
j  com.badlogic.gdx.backends.lwjgl.audio.OpenALAudio.<init>(III)V+114
j  com.badlogic.gdx.backends.lwjgl.LwjglApplication.<init>(Lcom/badlogic/gdx/ApplicationListener;Lcom/badlogic/gdx/backends/lwjgl/LwjglApplicationConfiguration;Lcom/badlogic/gdx/backends/lwjgl/LwjglGraphics;)V+120
j  com.badlogic.gdx.backends.lwjgl.LwjglApplication.<init>(Lcom/badlogic/gdx/ApplicationListener;Lcom/badlogic/gdx/backends/lwjgl/LwjglApplicationConfiguration;)V+11
j  org.uqbar.project.wollok.game.gameboard.WollokGDXApplication.<init>(Lorg/uqbar/project/wollok/game/gameboard/Gameboard;Ljava/lang/Boolean;)V+17
j  org.uqbar.project.wollok.game.helpers.Application.start(Lorg/uqbar/project/wollok/game/gameboard/Gameboard;Ljava/lang/Boolean;)V+5
j  org.uqbar.project.wollok.game.gameboard.Gameboard.start(Ljava/lang/Boolean;)V+13
j  wollok.game.GameObject.doStart(Ljava/lang/Boolean;)V+12
v  ~StubRoutines::call_stub
J 3348  sun.reflect.NativeMethodAccessorImpl.invoke0(Ljava/lang/reflect/Method;Ljava/lang/Object;[Ljava/lang/Object;)Ljava/lang/Object; (0 bytes) @ 0x0000021300a93f3f [0x0000021300a93ec0+0x7f]
J 3347 C1 sun.reflect.NativeMethodAccessorImpl.invoke(Ljava/lang/Object;[Ljava/lang/Object;)Ljava/lang/Object; (104 bytes) @ 0x0000021300a8fe64 [0x0000021300a8ecc0+0x11a4]
J 2459 C1 sun.reflect.DelegatingMethodAccessorImpl.invoke(Ljava/lang/Object;[Ljava/lang/Object;)Ljava/lang/Object; (10 bytes) @ 0x000002130084e484 [0x000002130084e380+0x104]
J 2458 C1 java.lang.reflect.Method.invoke(Ljava/lang/Object;[Ljava/lang/Object;)Ljava/lang/Object; (62 bytes) @ 0x0000021300849dec [0x0000021300849a00+0x3ec]
j  org.uqbar.project.wollok.ui.utils.XTendUtilExtensions.invokeConvertingArgs(Ljava/lang/reflect/Method;Ljava/lang/Object;[Ljava/lang/Object;)Lorg/uqbar/project/wollok/interpreter/core/WollokObject;+261
j  org.uqbar.project.wollok.interpreter.AbstractWollokCallable._invokeNative(Ljava/lang/Object;Ljava/lang/String;[Lorg/uqbar/project/wollok/interpreter/core/WollokObject;)Lorg/uqbar/project/wollok/interpreter/core/WollokObject;+41
j  org.uqbar.project.wollok.interpreter.AbstractWollokCallable.invokeNative(Ljava/lang/Object;Ljava/lang/String;[Lorg/uqbar/project/wollok/interpreter/core/WollokObject;)Lorg/uqbar/project/wollok/interpreter/core/WollokObject;+26
j  org.uqbar.project.wollok.interpreter.AbstractWollokCallable$1.apply()Lorg/uqbar/project/wollok/interpreter/core/WollokObject;+55
j  org.uqbar.project.wollok.interpreter.AbstractWollokCallable$1.apply()Ljava/lang/Object;+1
j  org.uqbar.project.wollok.interpreter.threads.WThread.performOnStack(Lorg/eclipse/emf/ecore/EObject;Lorg/uqbar/project/wollok/interpreter/context/EvaluationContext;Lorg/eclipse/xtext/xbase/lib/Functions$Function0;)Lorg/uqbar/project/wollok/interpreter/core/WollokObject;+29
j  org.uqbar.project.wollok.interpreter.WollokInterpreter.performOnStack(Lorg/eclipse/emf/ecore/EObject;Lorg/uqbar/project/wollok/interpreter/context/EvaluationContext;Lorg/eclipse/xtext/xbase/lib/Functions$Function0;)Lorg/uqbar/project/wollok/interpreter/core/WollokObject;+7
j  org.uqbar.project.wollok.interpreter.AbstractWollokCallable.call(Lorg/uqbar/project/wollok/wollokDsl/WMethodDeclaration;[Lorg/uqbar/project/wollok/interpreter/core/WollokObject;)Lorg/uqbar/project/wollok/interpreter/core/WollokObject;+38
j  org.uqbar.project.wollok.interpreter.core.WollokObject.call(Ljava/lang/String;[Lorg/uqbar/project/wollok/interpreter/core/WollokObject;)Lorg/uqbar/project/wollok/interpreter/core/WollokObject;+55
j  org.uqbar.project.wollok.interpreter.WollokInterpreterEvaluator._evaluate(Lorg/uqbar/project/wollok/wollokDsl/WFeatureCall;)Lorg/uqbar/project/wollok/interpreter/core/WollokObject;+119
J 3324 C1 org.uqbar.project.wollok.launch.WollokLauncherInterpreterEvaluator.evaluate(Lorg/eclipse/emf/ecore/EObject;)Lorg/uqbar/project/wollok/interpreter/core/WollokObject; (502 bytes) @ 0x0000021300a9dccc [0x0000021300a99b20+0x41ac]
J 3325 C1 org.uqbar.project.wollok.interpreter.WollokInterpreter.eval(Lorg/eclipse/emf/ecore/EObject;)Lorg/uqbar/project/wollok/interpreter/core/WollokObject; (190 bytes) @ 0x0000021300aace8c [0x0000021300aac480+0xa0c]
j  org.uqbar.project.wollok.interpreter.WollokInterpreterEvaluator.eval(Lorg/eclipse/emf/ecore/EObject;)Lorg/uqbar/project/wollok/interpreter/core/WollokObject;+5
j  org.uqbar.project.wollok.interpreter.WollokInterpreterEvaluator$1.apply(Lorg/uqbar/project/wollok/interpreter/core/WollokObject;Lorg/eclipse/emf/ecore/EObject;)Lorg/uqbar/project/wollok/interpreter/core/WollokObject;+5
j  org.uqbar.project.wollok.interpreter.WollokInterpreterEvaluator$1.apply(Ljava/lang/Object;Ljava/lang/Object;)Ljava/lang/Object;+9
j  org.eclipse.xtext.xbase.lib.IteratorExtensions.fold(Ljava/util/Iterator;Ljava/lang/Object;Lorg/eclipse/xtext/xbase/lib/Functions$Function2;)Ljava/lang/Object;+19
j  org.eclipse.xtext.xbase.lib.IterableExtensions.fold(Ljava/lang/Iterable;Ljava/lang/Object;Lorg/eclipse/xtext/xbase/lib/Functions$Function2;)Ljava/lang/Object;+8
j  org.uqbar.project.wollok.interpreter.WollokInterpreterEvaluator.evalAll(Ljava/lang/Iterable;)Lorg/uqbar/project/wollok/interpreter/core/WollokObject;+12
j  org.uqbar.project.wollok.interpreter.WollokInterpreterEvaluator._evaluate(Lorg/uqbar/project/wollok/wollokDsl/WBlockExpression;)Lorg/uqbar/project/wollok/interpreter/core/WollokObject;+34
J 3324 C1 org.uqbar.project.wollok.launch.WollokLauncherInterpreterEvaluator.evaluate(Lorg/eclipse/emf/ecore/EObject;)Lorg/uqbar/project/wollok/interpreter/core/WollokObject; (502 bytes) @ 0x0000021300aa147c [0x0000021300a99b20+0x795c]
J 3325 C1 org.uqbar.project.wollok.interpreter.WollokInterpreter.eval(Lorg/eclipse/emf/ecore/EObject;)Lorg/uqbar/project/wollok/interpreter/core/WollokObject; (190 bytes) @ 0x0000021300aace8c [0x0000021300aac480+0xa0c]
j  org.uqbar.project.wollok.interpreter.AbstractWollokCallable.eval(Lorg/eclipse/emf/ecore/EObject;)Lorg/uqbar/project/wollok/interpreter/core/WollokObject;+5
j  org.uqbar.project.wollok.interpreter.AbstractWollokCallable$1.apply()Lorg/uqbar/project/wollok/interpreter/core/WollokObject;+110
j  org.uqbar.project.wollok.interpreter.AbstractWollokCallable$1.apply()Ljava/lang/Object;+1
j  org.uqbar.project.wollok.interpreter.threads.WThread.performOnStack(Lorg/eclipse/emf/ecore/EObject;Lorg/uqbar/project/wollok/interpreter/context/EvaluationContext;Lorg/eclipse/xtext/xbase/lib/Functions$Function0;)Lorg/uqbar/project/wollok/interpreter/core/WollokObject;+29
j  org.uqbar.project.wollok.interpreter.WollokInterpreter.performOnStack(Lorg/eclipse/emf/ecore/EObject;Lorg/uqbar/project/wollok/interpreter/context/EvaluationContext;Lorg/eclipse/xtext/xbase/lib/Functions$Function0;)Lorg/uqbar/project/wollok/interpreter/core/WollokObject;+7
j  org.uqbar.project.wollok.interpreter.AbstractWollokCallable.call(Lorg/uqbar/project/wollok/wollokDsl/WMethodDeclaration;[Lorg/uqbar/project/wollok/interpreter/core/WollokObject;)Lorg/uqbar/project/wollok/interpreter/core/WollokObject;+38
j  org.uqbar.project.wollok.interpreter.core.WollokObject.call(Ljava/lang/String;[Lorg/uqbar/project/wollok/interpreter/core/WollokObject;)Lorg/uqbar/project/wollok/interpreter/core/WollokObject;+55
j  org.uqbar.project.wollok.interpreter.WollokInterpreterEvaluator._evaluate(Lorg/uqbar/project/wollok/wollokDsl/WFeatureCall;)Lorg/uqbar/project/wollok/interpreter/core/WollokObject;+119
J 3324 C1 org.uqbar.project.wollok.launch.WollokLauncherInterpreterEvaluator.evaluate(Lorg/eclipse/emf/ecore/EObject;)Lorg/uqbar/project/wollok/interpreter/core/WollokObject; (502 bytes) @ 0x0000021300a9dccc [0x0000021300a99b20+0x41ac]
J 3325 C1 org.uqbar.project.wollok.interpreter.WollokInterpreter.eval(Lorg/eclipse/emf/ecore/EObject;)Lorg/uqbar/project/wollok/interpreter/core/WollokObject; (190 bytes) @ 0x0000021300aace8c [0x0000021300aac480+0xa0c]
j  org.uqbar.project.wollok.interpreter.WollokInterpreterEvaluator.eval(Lorg/eclipse/emf/ecore/EObject;)Lorg/uqbar/project/wollok/interpreter/core/WollokObject;+5
j  org.uqbar.project.wollok.interpreter.WollokInterpreterEvaluator$1.apply(Lorg/uqbar/project/wollok/interpreter/core/WollokObject;Lorg/eclipse/emf/ecore/EObject;)Lorg/uqbar/project/wollok/interpreter/core/WollokObject;+5
j  org.uqbar.project.wollok.interpreter.WollokInterpreterEvaluator$1.apply(Ljava/lang/Object;Ljava/lang/Object;)Ljava/lang/Object;+9
j  org.eclipse.xtext.xbase.lib.IteratorExtensions.fold(Ljava/util/Iterator;Ljava/lang/Object;Lorg/eclipse/xtext/xbase/lib/Functions$Function2;)Ljava/lang/Object;+19
j  org.eclipse.xtext.xbase.lib.IterableExtensions.fold(Ljava/lang/Iterable;Ljava/lang/Object;Lorg/eclipse/xtext/xbase/lib/Functions$Function2;)Ljava/lang/Object;+8
j  org.uqbar.project.wollok.interpreter.WollokInterpreterEvaluator.evalAll(Ljava/lang/Iterable;)Lorg/uqbar/project/wollok/interpreter/core/WollokObject;+12
j  org.uqbar.project.wollok.interpreter.WollokInterpreterEvaluator._evaluate(Lorg/uqbar/project/wollok/wollokDsl/WProgram;)Lorg/uqbar/project/wollok/interpreter/core/WollokObject;+18
j  org.uqbar.project.wollok.launch.WollokLauncherInterpreterEvaluator.evaluate(Lorg/eclipse/emf/ecore/EObject;)Lorg/uqbar/project/wollok/interpreter/core/WollokObject;+444
j  org.uqbar.project.wollok.interpreter.WollokInterpreterEvaluator.evaluate(Lorg/eclipse/emf/ecore/EObject;)Ljava/lang/Object;+2
j  org.uqbar.project.wollok.interpreter.WollokInterpreter.eval(Lorg/eclipse/emf/ecore/EObject;)Lorg/uqbar/project/wollok/interpreter/core/WollokObject;+63
j  org.uqbar.project.wollok.interpreter.WollokInterpreterEvaluator.eval(Lorg/eclipse/emf/ecore/EObject;)Lorg/uqbar/project/wollok/interpreter/core/WollokObject;+5
j  org.uqbar.project.wollok.launch.WollokLauncherInterpreterEvaluator._evaluate(Lorg/uqbar/project/wollok/wollokDsl/WFile;)Lorg/uqbar/project/wollok/interpreter/core/WollokObject;+32
j  org.uqbar.project.wollok.launch.WollokLauncherInterpreterEvaluator.evaluate(Lorg/eclipse/emf/ecore/EObject;)Lorg/uqbar/project/wollok/interpreter/core/WollokObject;+428
j  org.uqbar.project.wollok.interpreter.WollokInterpreterEvaluator.evaluate(Lorg/eclipse/emf/ecore/EObject;)Ljava/lang/Object;+2
j  org.uqbar.project.wollok.interpreter.WollokInterpreter.interpret(Lorg/eclipse/emf/ecore/EObject;Ljava/lang/Boolean;)Lorg/uqbar/project/wollok/interpreter/core/WollokObject;+25
j  org.uqbar.project.wollok.interpreter.WollokInterpreter.interpret(Lorg/eclipse/emf/ecore/EObject;)Lorg/uqbar/project/wollok/interpreter/core/WollokObject;+8
j  org.uqbar.project.wollok.launch.WollokLauncher.doSomething(Lorg/uqbar/project/wollok/wollokDsl/WFile;Lcom/google/inject/Injector;Ljava/io/File;Lorg/uqbar/project/wollok/launch/WollokLauncherParameters;)V+109
j  org.uqbar.project.wollok.launch.WollokChecker.launch(Ljava/lang/String;Lorg/uqbar/project/wollok/launch/WollokLauncherParameters;)V+31
j  org.uqbar.project.wollok.launch.WollokChecker.doMain([Ljava/lang/String;)V+205
j  org.uqbar.project.wollok.launch.WollokLauncher.main([Ljava/lang/String;)V+8
v  ~StubRoutines::call_stub

---------------  P R O C E S S  ---------------

Java Threads: ( => current thread )
  0x000002130f17c000 JavaThread "com.google.inject.internal.util.$Finalizer" daemon [_thread_blocked, id=6600, stack(0x000000c3f5400000,0x000000c3f5500000)]
  0x000002130f043800 JavaThread "EMF Reference Cleaner" daemon [_thread_blocked, id=8152, stack(0x000000c3f5300000,0x000000c3f5400000)]
  0x000002137e734000 JavaThread "Service Thread" daemon [_thread_blocked, id=12276, stack(0x000000c3f5100000,0x000000c3f5200000)]
  0x000002137c8a9000 JavaThread "C1 CompilerThread3" daemon [_thread_blocked, id=7592, stack(0x000000c3f5000000,0x000000c3f5100000)]
  0x000002137c899000 JavaThread "C2 CompilerThread2" daemon [_thread_blocked, id=10908, stack(0x000000c3f4f00000,0x000000c3f5000000)]
  0x000002137c896800 JavaThread "C2 CompilerThread1" daemon [_thread_blocked, id=2708, stack(0x000000c3f4e00000,0x000000c3f4f00000)]
  0x000002137c88f000 JavaThread "C2 CompilerThread0" daemon [_thread_blocked, id=6776, stack(0x000000c3f4d00000,0x000000c3f4e00000)]
  0x000002137c883800 JavaThread "Attach Listener" daemon [_thread_blocked, id=6564, stack(0x000000c3f4c00000,0x000000c3f4d00000)]
  0x000002137c882800 JavaThread "Signal Dispatcher" daemon [_thread_blocked, id=1236, stack(0x000000c3f4b00000,0x000000c3f4c00000)]
  0x000002137c85d000 JavaThread "Finalizer" daemon [_thread_blocked, id=9968, stack(0x000000c3f4a00000,0x000000c3f4b00000)]
  0x000002137c855000 JavaThread "Reference Handler" daemon [_thread_blocked, id=8164, stack(0x000000c3f4900000,0x000000c3f4a00000)]
=>0x0000021375729000 JavaThread "main" [_thread_in_native, id=9820, stack(0x000000c3f3f00000,0x000000c3f4000000)]

Other Threads:
  0x000002137c82b000 VMThread [stack: 0x000000c3f4800000,0x000000c3f4900000] [id=8524]
  0x000002137c8fe000 WatcherThread [stack: 0x000000c3f5200000,0x000000c3f5300000] [id=5404]

VM state:not at safepoint (normal execution)

VM Mutex/Monitor currently owned by a thread: None

heap address: 0x0000000082000000, size: 2016 MB, Compressed Oops mode: 32-bit
Narrow klass base: 0x0000000000000000, Narrow klass shift: 3
Compressed class space size: 1073741824 Address: 0x0000000100000000

Heap:
 PSYoungGen      total 70656K, used 4213K [0x00000000d6000000, 0x00000000dfd00000, 0x0000000100000000)
  eden space 65536K, 6% used [0x00000000d6000000,0x00000000d641d768,0x00000000da000000)
  from space 5120K, 0% used [0x00000000da000000,0x00000000da000000,0x00000000da500000)
  to   space 14848K, 0% used [0x00000000dee80000,0x00000000dee80000,0x00000000dfd00000)
 ParOldGen       total 84992K, used 22012K [0x0000000082000000, 0x0000000087300000, 0x00000000d6000000)
  object space 84992K, 25% used [0x0000000082000000,0x000000008357f2b8,0x0000000087300000)
 Metaspace       used 21349K, capacity 21642K, committed 21760K, reserved 1069056K
  class space    used 2686K, capacity 2757K, committed 2816K, reserved 1048576K

Card table byte_map: [0x0000021377470000,0x0000021377870000] byte_map_base: 0x0000021377060000

Marking Bits: (ParMarkBitMap*) 0x0000000062897790
 Begin Bits: [0x0000021377b10000, 0x0000021379a90000)
 End Bits:   [0x0000021379a90000, 0x000002137ba10000)

Polling page: 0x0000021375870000

CodeCache: size=245760Kb used=11255Kb max_used=11276Kb free=234504Kb
 bounds [0x0000021300000000, 0x0000021300b10000, 0x000002130f000000]
 total_blobs=3870 nmethods=3429 adapters=352
 compilation: enabled

Compilation events (10 events):
Event: 3.880 Thread 0x000002137c8a9000 

Event: 3.880 Thread 0x000002137c8a9000 3436       3       java.nio.DirectByteBuffer::ix (10 bytes)
Event: 3.880 Thread 0x000002137c8a9000 nmethod 3436 0x0000021300afbb90 code [0x0000021300afbce0, 0x0000021300afbe38]
Event: 3.880 Thread 0x000002137c8a9000 3439       1       java.nio.DirectByteBuffer::ix (10 bytes)
Event: 3.880 Thread 0x000002137c8a9000 nmethod 3439 0x0000021300afb850 code [0x0000021300afb9a0, 0x0000021300afbab8]
Event: 3.880 Thread 0x000002137c8a9000 3438       3       java.nio.DirectByteBuffer::put (18 bytes)
Event: 3.880 Thread 0x000002137c8a9000 nmethod 3438 0x0000021300afdd10 code [0x0000021300afde80, 0x0000021300afe0f8]
Event: 3.888 Thread 0x000002137c896800 3440   !   4       java.lang.ClassLoader::loadClass (122 bytes)
Event: 3.892 Thread 0x000002137c899000 3442       4       java.lang.Class::getReflectionFactory (26 bytes)
Event: 3.892 Thread 0x000002137c899000 nmethod 3442 0x0000021300afec50 code [0x0000021300afed80, 0x0000021300afedd8]

GC Heap History (10 events):
Event: 0.866 GC heap before
{Heap before GC invocations=2 (full 0):
 PSYoungGen      total 37888K, used 37863K [0x00000000d6000000, 0x00000000d8a00000, 0x0000000100000000)
  eden space 32768K, 100% used [0x00000000d6000000,0x00000000d8000000,0x00000000d8000000)
  from space 5120K, 99% used [0x00000000d8000000,0x00000000d84f9e50,0x00000000d8500000)
  to   space 5120K, 0% used [0x00000000d8500000,0x00000000d8500000,0x00000000d8a00000)
 ParOldGen       total 86016K, used 1749K [0x0000000082000000, 0x0000000087400000, 0x00000000d6000000)
  object space 86016K, 2% used [0x0000000082000000,0x00000000821b5660,0x0000000087400000)
 Metaspace       used 8476K, capacity 8604K, committed 8832K, reserved 1056768K
  class space    used 1018K, capacity 1076K, committed 1152K, reserved 1048576K
Event: 0.873 GC heap after
Heap after GC invocations=2 (full 0):
 PSYoungGen      total 37888K, used 5093K [0x00000000d6000000, 0x00000000daa00000, 0x0000000100000000)
  eden space 32768K, 0% used [0x00000000d6000000,0x00000000d6000000,0x00000000d8000000)
  from space 5120K, 99% used [0x00000000d8500000,0x00000000d89f9610,0x00000000d8a00000)
  to   space 5120K, 0% used [0x00000000d8000000,0x00000000d8000000,0x00000000d8500000)
 ParOldGen       total 86016K, used 12485K [0x0000000082000000, 0x0000000087400000, 0x00000000d6000000)
  object space 86016K, 14% used [0x0000000082000000,0x0000000082c31408,0x0000000087400000)
 Metaspace       used 8476K, capacity 8604K, committed 8832K, reserved 1056768K
  class space    used 1018K, capacity 1076K, committed 1152K, reserved 1048576K
}
Event: 1.243 GC heap before
{Heap before GC invocations=3 (full 0):
 PSYoungGen      total 37888K, used 37861K [0x00000000d6000000, 0x00000000daa00000, 0x0000000100000000)
  eden space 32768K, 100% used [0x00000000d6000000,0x00000000d8000000,0x00000000d8000000)
  from space 5120K, 99% used [0x00000000d8500000,0x00000000d89f9610,0x00000000d8a00000)
  to   space 5120K, 0% used [0x00000000d8000000,0x00000000d8000000,0x00000000d8500000)
 ParOldGen       total 86016K, used 12485K [0x0000000082000000, 0x0000000087400000, 0x00000000d6000000)
  object space 86016K, 14% used [0x0000000082000000,0x0000000082c31408,0x0000000087400000)
 Metaspace       used 11944K, capacity 12104K, committed 12416K, reserved 1060864K
  class space    used 1502K, capacity 1558K, committed 1664K, reserved 1048576K
Event: 1.250 GC heap after
Heap after GC invocations=3 (full 0):
 PSYoungGen      total 37888K, used 5102K [0x00000000d6000000, 0x00000000daa00000, 0x0000000100000000)
  eden space 32768K, 0% used [0x00000000d6000000,0x00000000d6000000,0x00000000d8000000)
  from space 5120K, 99% used [0x00000000d8000000,0x00000000d84fb850,0x00000000d8500000)
  to   space 5120K, 0% used [0x00000000da500000,0x00000000da500000,0x00000000daa00000)
 ParOldGen       total 86016K, used 18523K [0x0000000082000000, 0x0000000087400000, 0x00000000d6000000)
  object space 86016K, 21% used [0x0000000082000000,0x0000000083216c28,0x0000000087400000)
 Metaspace       used 11944K, capacity 12104K, committed 12416K, reserved 1060864K
  class space    used 1502K, capacity 1558K, committed 1664K, reserved 1048576K
}
Event: 1.712 GC heap before
{Heap before GC invocations=4 (full 0):
 PSYoungGen      total 37888K, used 37870K [0x00000000d6000000, 0x00000000daa00000, 0x0000000100000000)
  eden space 32768K, 100% used [0x00000000d6000000,0x00000000d8000000,0x00000000d8000000)
  from space 5120K, 99% used [0x00000000d8000000,0x00000000d84fb850,0x00000000d8500000)
  to   space 5120K, 0% used [0x00000000da500000,0x00000000da500000,0x00000000daa00000)
 ParOldGen       total 86016K, used 18523K [0x0000000082000000, 0x0000000087400000, 0x00000000d6000000)
  object space 86016K, 21% used [0x0000000082000000,0x0000000083216c28,0x0000000087400000)
 Metaspace       used 15957K, capacity 16094K, committed 16256K, reserved 1062912K
  class space    used 2065K, capacity 2111K, committed 2176K, reserved 1048576K
Event: 1.721 GC heap after
Heap after GC invocations=4 (full 0):
 PSYoungGen      total 70656K, used 5117K [0x00000000d6000000, 0x00000000daa00000, 0x0000000100000000)
  eden space 65536K, 0% used [0x00000000d6000000,0x00000000d6000000,0x00000000da000000)
  from space 5120K, 99% used [0x00000000da500000,0x00000000da9ff480,0x00000000daa00000)
  to   space 5120K, 0% used [0x00000000da000000,0x00000000da000000,0x00000000da500000)
 ParOldGen       total 86016K, used 25429K [0x0000000082000000, 0x0000000087400000, 0x00000000d6000000)
  object space 86016K, 29% used [0x0000000082000000,0x00000000838d5790,0x0000000087400000)
 Metaspace       used 15957K, capacity 16094K, committed 16256K, reserved 1062912K
  class space    used 2065K, capacity 2111K, committed 2176K, reserved 1048576K
}
Event: 3.605 GC heap before
{Heap before GC invocations=5 (full 0):
 PSYoungGen      total 70656K, used 65382K [0x00000000d6000000, 0x00000000daa00000, 0x0000000100000000)
  eden space 65536K, 91% used [0x00000000d6000000,0x00000000d9ada690,0x00000000da000000)
  from space 5120K, 99% used [0x00000000da500000,0x00000000da9ff480,0x00000000daa00000)
  to   space 5120K, 0% used [0x00000000da000000,0x00000000da000000,0x00000000da500000)
 ParOldGen       total 86016K, used 25429K [0x0000000082000000, 0x0000000087400000, 0x00000000d6000000)
  object space 86016K, 29% used [0x0000000082000000,0x00000000838d5790,0x0000000087400000)
 Metaspace       used 20867K, capacity 21066K, committed 21248K, reserved 1067008K
  class space    used 2622K, capacity 2693K, committed 2816K, reserved 1048576K
Event: 3.624 GC heap after
Heap after GC invocations=5 (full 0):
 PSYoungGen      total 70656K, used 5117K [0x00000000d6000000, 0x00000000dfd00000, 0x0000000100000000)
  eden space 65536K, 0% used [0x00000000d6000000,0x00000000d6000000,0x00000000da000000)
  from space 5120K, 99% used [0x00000000da000000,0x00000000da4ff460,0x00000000da500000)
  to   space 14848K, 0% used [0x00000000dee80000,0x00000000dee80000,0x00000000dfd00000)
 ParOldGen       total 86016K, used 31754K [0x0000000082000000, 0x0000000087400000, 0x00000000d6000000)
  object space 86016K, 36% used [0x0000000082000000,0x0000000083f02a90,0x0000000087400000)
 Metaspace       used 20867K, capacity 21066K, committed 21248K, reserved 1067008K
  class space    used 2622K, capacity 2693K, committed 2816K, reserved 1048576K
}
Event: 3.624 GC heap before
{Heap before GC invocations=6 (full 1):
 PSYoungGen      total 70656K, used 5117K [0x00000000d6000000, 0x00000000dfd00000, 0x0000000100000000)
  eden space 65536K, 0% used [0x00000000d6000000,0x00000000d6000000,0x00000000da000000)
  from space 5120K, 99% used [0x00000000da000000,0x00000000da4ff460,0x00000000da500000)
  to   space 14848K, 0% used [0x00000000dee80000,0x00000000dee80000,0x00000000dfd00000)
 ParOldGen       total 86016K, used 31754K [0x0000000082000000, 0x0000000087400000, 0x00000000d6000000)
  object space 86016K, 36% used [0x0000000082000000,0x0000000083f02a90,0x0000000087400000)
 Metaspace       used 20867K, capacity 21066K, committed 21248K, reserved 1067008K
  class space    used 2622K, capacity 2693K, committed 2816K, reserved 1048576K
Event: 3.713 GC heap after
Heap after GC invocations=6 (full 1):
 PSYoungGen      total 70656K, used 0K [0x00000000d6000000, 0x00000000dfd00000, 0x0000000100000000)
  eden space 65536K, 0% used [0x00000000d6000000,0x00000000d6000000,0x00000000da000000)
  from space 5120K, 0% used [0x00000000da000000,0x00000000da000000,0x00000000da500000)
  to   space 14848K, 0% used [0x00000000dee80000,0x00000000dee80000,0x00000000dfd00000)
 ParOldGen       total 84992K, used 22012K [0x0000000082000000, 0x0000000087300000, 0x00000000d6000000)
  object space 84992K, 25% used [0x0000000082000000,0x000000008357f2b8,0x0000000087300000)
 Metaspace       used 20867K, capacity 21066K, committed 21248K, reserved 1067008K
  class space    used 2622K, capacity 2693K, committed 2816K, reserved 1048576K
}

Deoptimization events (10 events):
Event: 2.301 Thread 0x0000021375729000 Uncommon trap: reason=class_check action=maybe_recompile pc=0x00000213005ac1b8 method=org.eclipse.emf.common.util.AbstractEList$EIterator.doNext()Ljava/lang/Object; @ 13
Event: 2.302 Thread 0x0000021375729000 Uncommon trap: reason=unstable_if action=reinterpret pc=0x00000213006af384 method=org.antlr.runtime.ANTLRStringStream.mark()I @ 4
Event: 2.305 Thread 0x0000021375729000 Uncommon trap: reason=unstable_if action=reinterpret pc=0x000002130075501c method=java.util.HashMap.computeIfAbsent(Ljava/lang/Object;Ljava/util/function/Function;)Ljava/lang/Object; @ 44
Event: 2.322 Thread 0x0000021375729000 Uncommon trap: reason=unstable_if action=reinterpret pc=0x0000021300787a30 method=java.util.HashMap.computeIfAbsent(Ljava/lang/Object;Ljava/util/function/Function;)Ljava/lang/Object; @ 44
Event: 2.609 Thread 0x0000021375729000 Uncommon trap: reason=unstable_if action=reinterpret pc=0x0000021300863058 method=org.eclipse.emf.common.notify.impl.NotifierImpl.eAdapters()Lorg/eclipse/emf/common/util/EList; @ 4
Event: 2.624 Thread 0x0000021375729000 Uncommon trap: reason=unstable_if action=reinterpret pc=0x000002130089fb44 method=org.eclipse.emf.common.notify.impl.BasicNotifierImpl$EAdapterList.getAdapterForType(Ljava/lang/Object;)Lorg/eclipse/emf/common/notify/Adapter; @ 50
Event: 2.654 Thread 0x0000021375729000 Uncommon trap: reason=unstable_if action=reinterpret pc=0x00000213008aa9d8 method=org.eclipse.emf.common.notify.impl.BasicNotifierImpl$EAdapterList.getAdapterForType(Ljava/lang/Object;)Lorg/eclipse/emf/common/notify/Adapter; @ 50
Event: 2.657 Thread 0x0000021375729000 Uncommon trap: reason=unstable_if action=reinterpret pc=0x00000213008a481c method=org.eclipse.emf.common.notify.impl.BasicNotifierImpl$EAdapterList.data()[Ljava/lang/Object; @ 16
Event: 2.939 Thread 0x0000021375729000 Uncommon trap: reason=unstable_if action=reinterpret pc=0x00000213005305d0 method=java.util.concurrent.ConcurrentHashMap.putVal(Ljava/lang/Object;Ljava/lang/Object;Z)Ljava/lang/Object; @ 181
Event: 3.721 Thread 0x0000021375729000 Uncommon trap: reason=unstable_if action=reinterpret pc=0x00000213003e0300 method=java.io.WinNTFileSystem.normalize(Ljava/lang/String;)Ljava/lang/String; @ 49

Classes redefined (0 events):
No events

Internal exceptions (10 events):
Event: 2.766 Thread 0x0000021375729000 Exception <a 'java/io/FileNotFoundException'> (0x00000000d7c62f20) thrown at [J:\jenkins\tmp\workspace\build\src\hotspot\src\share\vm\prims\jni.cpp, line 711]
Event: 2.769 Thread 0x0000021375729000 Exception <a 'java/io/FileNotFoundException'> (0x00000000d7c74d70) thrown at [J:\jenkins\tmp\workspace\build\src\hotspot\src\share\vm\prims\jni.cpp, line 711]
Event: 2.817 Thread 0x0000021375729000 Exception <a 'java/io/FileNotFoundException'> (0x00000000d7dd0f20) thrown at [J:\jenkins\tmp\workspace\build\src\hotspot\src\share\vm\prims\jni.cpp, line 711]
Event: 2.822 Thread 0x0000021375729000 Exception <a 'java/io/FileNotFoundException'> (0x00000000d7de5f10) thrown at [J:\jenkins\tmp\workspace\build\src\hotspot\src\share\vm\prims\jni.cpp, line 711]
Event: 3.885 Thread 0x0000021375729000 Exception <a 'java/security/PrivilegedActionException'> (0x00000000d6331e60) thrown at [J:\jenkins\tmp\workspace\build\src\hotspot\src\share\vm\prims\jvm.cpp, line 1512]
Event: 3.885 Thread 0x0000021375729000 Exception <a 'java/security/PrivilegedActionException'> (0x00000000d6333390) thrown at [J:\jenkins\tmp\workspace\build\src\hotspot\src\share\vm\prims\jvm.cpp, line 1512]
Event: 3.885 Thread 0x0000021375729000 Exception <a 'java/security/PrivilegedActionException'> (0x00000000d63347c0) thrown at [J:\jenkins\tmp\workspace\build\src\hotspot\src\share\vm\prims\jvm.cpp, line 1512]
Event: 3.885 Thread 0x0000021375729000 Exception <a 'java/security/PrivilegedActionException'> (0x00000000d6335e80) thrown at [J:\jenkins\tmp\workspace\build\src\hotspot\src\share\vm\prims\jvm.cpp, line 1512]
Event: 3.885 Thread 0x0000021375729000 Exception <a 'java/security/PrivilegedActionException'> (0x00000000d6337278) thrown at [J:\jenkins\tmp\workspace\build\src\hotspot\src\share\vm\prims\jvm.cpp, line 1512]
Event: 3.885 Thread 0x0000021375729000 Exception <a 'java/security/PrivilegedActionException'> (0x00000000d6338640) thrown at [J:\jenkins\tmp\workspace\build\src\hotspot\src\share\vm\prims\jvm.cpp, line 1512]

Events (10 events):
Event: 3.910 loading class org/lwjgl/openal/ALCdevice
Event: 3.910 loading class org/lwjgl/openal/ALCdevice done
Event: 3.910 loading class org/lwjgl/openal/ALCcontext
Event: 3.910 loading class org/lwjgl/openal/ALCcontext done
Event: 3.911 loading class java/nio/DirectIntBufferU
Event: 3.911 loading class java/nio/DirectIntBufferU done
Event: 3.911 loading class org/lwjgl/openal/Util
Event: 3.911 loading class org/lwjgl/openal/Util done
Event: 3.911 loading class org/lwjgl/openal/OpenALException
Event: 3.911 loading class org/lwjgl/openal/OpenALException done


Dynamic libraries:
0x00007ff771cd0000 - 0x00007ff771d0a000 	C:\Program Files\AdoptOpenJDK\jdk-8.0.265.01-hotspot\bin\javaw.exe
0x00007ffab4a10000 - 0x00007ffab4c06000 	C:\WINDOWS\SYSTEM32\ntdll.dll
0x00007ffab3b10000 - 0x00007ffab3bcd000 	C:\WINDOWS\System32\KERNEL32.DLL
0x00007ffab2430000 - 0x00007ffab26f8000 	C:\WINDOWS\System32\KERNELBASE.dll
0x00007ffab2a80000 - 0x00007ffab2b2c000 	C:\WINDOWS\System32\ADVAPI32.dll
0x00007ffab38e0000 - 0x00007ffab397e000 	C:\WINDOWS\System32\msvcrt.dll
0x00007ffab3490000 - 0x00007ffab352b000 	C:\WINDOWS\System32\sechost.dll
0x00007ffab3750000 - 0x00007ffab3874000 	C:\WINDOWS\System32\RPCRT4.dll
0x00007ffab3e60000 - 0x00007ffab4000000 	C:\WINDOWS\System32\USER32.dll
0x00007ffab2400000 - 0x00007ffab2422000 	C:\WINDOWS\System32\win32u.dll
0x00007ffab3460000 - 0x00007ffab348a000 	C:\WINDOWS\System32\GDI32.dll
0x00007ffab28e0000 - 0x00007ffab29e9000 	C:\WINDOWS\System32\gdi32full.dll
0x00007ffab2840000 - 0x00007ffab28dd000 	C:\WINDOWS\System32\msvcp_win.dll
0x00007ffab2300000 - 0x00007ffab2400000 	C:\WINDOWS\System32\ucrtbase.dll
0x00007ffa9f630000 - 0x00007ffa9f8cb000 	C:\WINDOWS\WinSxS\amd64_microsoft.windows.common-controls_6595b64144ccf1df_6.0.19041.488_none_ca04af081b815d21\COMCTL32.dll
0x00007ffab3300000 - 0x00007ffab3330000 	C:\WINDOWS\System32\IMM32.DLL
0x00007ffa97220000 - 0x00007ffa9730f000 	C:\Program Files\AdoptOpenJDK\jdk-8.0.265.01-hotspot\jre\bin\msvcr120.dll
0x00007ffa91760000 - 0x00007ffa91806000 	C:\Program Files\AdoptOpenJDK\jdk-8.0.265.01-hotspot\jre\bin\msvcp120.dll
0x00000000620b0000 - 0x0000000062916000 	C:\Program Files\AdoptOpenJDK\jdk-8.0.265.01-hotspot\jre\bin\server\jvm.dll
0x00007ffab2a70000 - 0x00007ffab2a78000 	C:\WINDOWS\System32\PSAPI.DLL
0x00007ffa9fa90000 - 0x00007ffa9fa9a000 	C:\WINDOWS\SYSTEM32\VERSION.dll
0x00007ffaaa220000 - 0x00007ffaaa247000 	C:\WINDOWS\SYSTEM32\WINMM.dll
0x00007ffa9e810000 - 0x00007ffa9e819000 	C:\WINDOWS\SYSTEM32\WSOCK32.dll
0x00007ffab36e0000 - 0x00007ffab374b000 	C:\WINDOWS\System32\WS2_32.dll
0x00007ffaacf40000 - 0x00007ffaacf4f000 	C:\Program Files\AdoptOpenJDK\jdk-8.0.265.01-hotspot\jre\bin\verify.dll
0x00007ffaa2de0000 - 0x00007ffaa2e08000 	C:\Program Files\AdoptOpenJDK\jdk-8.0.265.01-hotspot\jre\bin\java.dll
0x00007ffaacf20000 - 0x00007ffaacf36000 	C:\Program Files\AdoptOpenJDK\jdk-8.0.265.01-hotspot\jre\bin\zip.dll
0x00007ffab2b30000 - 0x00007ffab3271000 	C:\WINDOWS\System32\SHELL32.dll
0x00007ffaaff40000 - 0x00007ffab06d5000 	C:\WINDOWS\SYSTEM32\windows.storage.dll
0x00007ffab4670000 - 0x00007ffab49c5000 	C:\WINDOWS\System32\combase.dll
0x00007ffab1af0000 - 0x00007ffab1b1c000 	C:\WINDOWS\SYSTEM32\Wldp.dll
0x00007ffab3c70000 - 0x00007ffab3d1e000 	C:\WINDOWS\System32\SHCORE.dll
0x00007ffab3400000 - 0x00007ffab3455000 	C:\WINDOWS\System32\shlwapi.dll
0x00007ffab2080000 - 0x00007ffab20a6000 	C:\WINDOWS\SYSTEM32\profapi.dll
0x0000000065580000 - 0x0000000065616000 	C:\Users\54116\AppData\Local\Temp\libgdxLeandro Peppe\12dfaa03\gdx64.dll
0x00007ffab1a40000 - 0x00007ffab1a58000 	C:\WINDOWS\SYSTEM32\CRYPTSP.dll
0x00007ffab1200000 - 0x00007ffab1234000 	C:\WINDOWS\system32\rsaenh.dll
0x00007ffab2700000 - 0x00007ffab2727000 	C:\WINDOWS\System32\bcrypt.dll
0x00007ffab2000000 - 0x00007ffab202e000 	C:\WINDOWS\SYSTEM32\USERENV.dll
0x00007ffab29f0000 - 0x00007ffab2a6f000 	C:\WINDOWS\System32\bcryptprimitives.dll
0x00007ffab1a60000 - 0x00007ffab1a6c000 	C:\WINDOWS\SYSTEM32\CRYPTBASE.dll
0x00007ffaa2dc0000 - 0x00007ffaa2dda000 	C:\Program Files\AdoptOpenJDK\jdk-8.0.265.01-hotspot\jre\bin\net.dll
0x00007ffab1870000 - 0x00007ffab18da000 	C:\WINDOWS\system32\mswsock.dll
0x00007ffab1560000 - 0x00007ffab159b000 	C:\WINDOWS\SYSTEM32\IPHLPAPI.DLL
0x00007ffab3bd0000 - 0x00007ffab3bd8000 	C:\WINDOWS\System32\NSI.dll
0x00007ffaa99f0000 - 0x00007ffaa9a07000 	C:\WINDOWS\SYSTEM32\dhcpcsvc6.DLL
0x00007ffaa9ee0000 - 0x00007ffaa9efd000 	C:\WINDOWS\SYSTEM32\dhcpcsvc.DLL
0x00007ffab15f0000 - 0x00007ffab16bb000 	C:\WINDOWS\SYSTEM32\DNSAPI.dll
0x00007ffaa2da0000 - 0x00007ffaa2db2000 	C:\Program Files\AdoptOpenJDK\jdk-8.0.265.01-hotspot\jre\bin\nio.dll
0x0000000180000000 - 0x0000000180053000 	C:\Users\54116\AppData\Local\Temp\libgdxLeandro Peppe\dc0f0009\lwjgl64.dll
0x00007ffa9f500000 - 0x00007ffa9f625000 	C:\WINDOWS\SYSTEM32\OPENGL32.dll
0x00007ffaa23c0000 - 0x00007ffaa23ec000 	C:\WINDOWS\SYSTEM32\GLU32.dll
0x00000213124f0000 - 0x0000021312554000 	C:\Users\54116\AppData\Local\Temp\libgdxLeandro Peppe\dc0f0009\OpenAL64.dll
0x00007ffab44e0000 - 0x00007ffab460a000 	C:\WINDOWS\System32\ole32.dll
0x00007ffab0d70000 - 0x00007ffab0d82000 	C:\WINDOWS\SYSTEM32\kernel.appcore.dll
0x00007ffaaf8c0000 - 0x00007ffaaf95e000 	C:\WINDOWS\system32\uxtheme.dll
0x00007ffab3a60000 - 0x00007ffab3b09000 	C:\WINDOWS\System32\clbcatq.dll
0x00007ffaa27c0000 - 0x00007ffaa285c000 	C:\WINDOWS\SYSTEM32\dsound.dll
0x00007ffab1fb0000 - 0x00007ffab1ffb000 	C:\WINDOWS\SYSTEM32\powrprof.dll
0x00007ffa8e770000 - 0x00007ffa8e796000 	C:\WINDOWS\SYSTEM32\winmmbase.dll
0x00007ffab1f90000 - 0x00007ffab1fa2000 	C:\WINDOWS\SYSTEM32\UMPDC.dll
0x00007ffaabfa0000 - 0x00007ffaac025000 	C:\WINDOWS\System32\MMDevApi.dll
0x00007ffab1e90000 - 0x00007ffab1ebc000 	C:\WINDOWS\System32\DEVOBJ.dll
0x00007ffab2150000 - 0x00007ffab219e000 	C:\WINDOWS\System32\cfgmgr32.dll
0x00007ffaa97e0000 - 0x00007ffaa9961000 	C:\WINDOWS\SYSTEM32\AUDIOSES.DLL
0x00007ffab3330000 - 0x00007ffab33fd000 	C:\WINDOWS\System32\OLEAUT32.dll
0x00007ffab0820000 - 0x00007ffab0a04000 	C:\WINDOWS\SYSTEM32\dbghelp.dll

VM Arguments:
jvm_args: -Duser.language=es_AR -Dfile.encoding=UTF-8 
java_command: org.uqbar.project.wollok.launch.WollokLauncher -requestsPort 0 -eventsPort 0 -folder -dontValidate -wf src/game.wpgm
java_class_path (initial): C:\Users\54116\Downloads\Wollok\workspace\git\2020s2-tp-juego-grupo4\bin;C:\Users\54116\Downloads\Wollok\plugins\com.ibm.icu_64.2.0.v20190507-1337.jar;C:\Users\54116\Downloads\Wollok\plugins\org.eclipse.xtext_2.20.0.v20191202-0915.jar;C:\Users\54116\Downloads\Wollok\plugins\org.eclipse.emf.ecore.xmi_2.16.0.v20190528-0725.jar;C:\Users\54116\Downloads\Wollok\plugins\org.eclipse.emf.ecore_2.20.0.v20190920-0401.jar;C:\Users\54116\Downloads\Wollok\plugins\org.eclipse.emf.common_2.17.0.v20190920-0401.jar;C:\Users\54116\Downloads\Wollok\plugins\org.antlr.runtime_3.2.0.v201101311130.jar;C:\Users\54116\Downloads\Wollok\plugins\com.google.inject_3.0.0.v201605172100.jar;C:\Users\54116\Downloads\Wollok\plugins\org.eclipse.emf.mwe.core_1.5.1.v20191121-1148.jar;C:\Users\54116\Downloads\Wollok\plugins\org.apache.commons.cli_1.2.0.v201404270220.jar;C:\Users\54116\Downloads\Wollok\plugins\org.eclipse.emf.mwe2.runtime_2.11.1.v20191121-1148.jar;C:\Users\54116\Downloads\Wollok\plugins\org.eclipse.emf.mwe.utils_1.5.1.v20191121-1148.jar;C:\Users\54116\Downloads\Wollok\plugins\org.eclipse.xtext.util_2.20.0.v20191202-0915.jar;C:\Users\54116\Downloads\Wollok\plugins\com.google.guava_27.1.0.v20190517-1946.jar;C:\Users\54116\Downloads\Wollok\plugins\javax.inject_1.0.0.v20091030.jar;C:\Users\54116\Downloads\Wollok\plugins\org.eclipse.xtext.generator_2.20.0.v20191202-0933.jar;C:\Users\54116\Downloads\Wollok\plugins\org.eclipse.xtext.xtext.generator_2.20.0.v20191202-0915.jar;C:\Users\54116\Downloads\Wollok\plugins\org.eclipse.xtext.xbase.lib_2.20.0.v20191202-0907.jar;C:\Users\54116\Downloads\Wollok\plugins\org.eclipse.emf.codegen.ecore_2.20.0.v20191012-0918.jar;C:\Users\54116\Downloads\Wollok\plugins\org.eclipse.emf.codegen_2.19.0.v20190821-1536.jar;C:\Users\54116\Downloads\Wollok\plugins\org.eclipse.xtend_2.2.0.v201605260315.jar;C:\Users\54116\Downloads\Wollok\plugins\org.eclipse.xpand_2.2.0.v201605260315.jar;C:\Users\54116\Downloads\Wollok\plugins\org.eclipse.xtend
Launcher Type: SUN_STANDARD

Environment Variables:
PATH=C:/Program Files/AdoptOpenJDK/jdk-8.0.265.01-hotspot/bin/../jre/bin/server;C:/Program Files/AdoptOpenJDK/jdk-8.0.265.01-hotspot/bin/../jre/bin;C:/Program Files/AdoptOpenJDK/jdk-8.0.265.01-hotspot/bin/../jre/lib/amd64;C:\Program Files\AdoptOpenJDK\jdk-8.0.265.01-hotspot\bin;C:\Program Files (x86)\Intel\Intel(R) Management Engine Components\iCLS\;C:\Program Files\Intel\Intel(R) Management Engine Components\iCLS\;C:\WINDOWS\system32;C:\WINDOWS;C:\WINDOWS\System32\Wbem;C:\WINDOWS\System32\WindowsPowerShell\v1.0\;C:\Program Files (x86)\Intel\Intel(R) Management Engine Components\DAL;C:\Program Files\Intel\Intel(R) Management Engine Components\DAL;C:\Program Files (x86)\Intel\Intel(R) Management Engine Components\IPT;C:\Program Files\Intel\Intel(R) Management Engine Components\IPT;C:\WINDOWS\System32\OpenSSH\;C:\Users\54116\AppData\Local\Microsoft\WindowsApps;C:\Users\54116\AppData\Local\atom\bin;%USERPROFILE%\AppData\Local\Microsoft\WindowsApps;;C:\Users\54116\Downloads\wollok;
USERNAME=Leandro Peppe
OS=Windows_NT
PROCESSOR_IDENTIFIER=Intel64 Family 6 Model 142 Stepping 10, GenuineIntel



---------------  S Y S T E M  ---------------

OS: Windows 10.0 , 64 bit Build 19041 (10.0.19041.546)

CPU:total 8 (initial active 8) (4 cores per cpu, 2 threads per core) family 6 model 142 stepping 10, cmov, cx8, fxsr, mmx, sse, sse2, sse3, ssse3, sse4.1, sse4.2, popcnt, avx, avx2, aes, clmul, erms, 3dnowpref, lzcnt, ht, tsc, tscinvbit, bmi1, bmi2, adx

Memory: 4k page, physical 8251788k(3428756k free), swap 9562508k(2535676k free)

vm_info: OpenJDK 64-Bit Server VM (25.265-b01) for windows-amd64 JRE (1.8.0_265-b01), built on Jul 28 2020 15:11:27 by "jenkins" with MS VC++ 12.0 (VS2013)

time: Mon Nov 16 19:57:23 2020
timezone: Hora estándar de Argentina
elapsed time: 3 seconds (0d 0h 0m 3s)

