#
# A fatal error has been detected by the Java Runtime Environment:
#
#  EXCEPTION_ACCESS_VIOLATION (0xc0000005) at pc=0x000001a06d741066, pid=8512, tid=0x0000000000001b4c
#
# JRE version: OpenJDK Runtime Environment (8.0_265-b01) (build 1.8.0_265-b01)
# Java VM: OpenJDK 64-Bit Server VM (25.265-b01 mixed mode windows-amd64 compressed oops)
# Problematic frame:
# C  [OpenAL64.dll+0x11066]
#
# Failed to write core dump. Minidumps are not enabled by default on client versions of Windows
#
# If you would like to submit a bug report, please visit:
#   http://bugreport.java.com/bugreport/crash.jsp
# The crash happened outside the Java Virtual Machine in native code.
# See problematic frame for where to report the bug.
#

---------------  T H R E A D  ---------------

Current thread (0x000001a050eda000):  JavaThread "main" [_thread_in_native, id=6988, stack(0x000000137a700000,0x000000137a800000)]

siginfo: ExceptionCode=0xc0000005, reading address 0x000001a06b8f2004

Registers:
RAX=0x000000003a61c11e, RBX=0x000001a06edb0090, RCX=0x000001a06b8f2008, RDX=0x000001a06b8f2004
RSP=0x000000137a7fd010, RBP=0x00000000000000ff, RSI=0x000001a06b8e2b1c, RDI=0x0000000000000000
R8 =0x0000000000003d3a, R9 =0x000001a06b8e2b1c, R10=0x000001a0527b9c62, R11=0x000000005e4aea10
R12=0x0000000000000001, R13=0x000001a06d517578, R14=0x000000137a7fd1b0, R15=0x000001a050eda000
RIP=0x000001a06d741066, EFLAGS=0x0000000000010202

Top of Stack: (sp=0x000000137a7fd010)
0x000000137a7fd010:   0000000000000000 0000000000000000
0x000000137a7fd020:   0000000000000000 000001a050eda000
0x000000137a7fd030:   000000137a7fd1b0 000001a06d517578
0x000000137a7fd040:   000001a050eda000 000001a050ec7b40
0x000000137a7fd050:   000001a06d517578 0000000000000000
0x000000137a7fd060:   000001a050ea6220 000000005e3495a5
0x000000137a7fd070:   000000137a7fd940 000001a050eda680
0x000000137a7fd080:   000001a050eda000 000000137a7fd1b0
0x000000137a7fd090:   000001a06d517578 0000000000000000
0x000000137a7fd0a0:   000001a06b8e2b1c 0000000000000248
0x000000137a7fd0b0:   000000137a7fd178 000001a06d74248f
0x000000137a7fd0c0:   000001a06edb0090 000001a06edb0090
0x000000137a7fd0d0:   000000000000ac44 000001a03a61c11e
0x000000137a7fd0e0:   000001a0527a7bd0 000001a0527b9c8e
0x000000137a7fd0f0:   000001a06d517578 000000137a7fd0f8
0x000000137a7fd100:   000001a0527a7bd0 000001a0527b999b 

Instructions: (pc=0x000001a06d741066)
0x000001a06d741046:   41 2b ec 81 3a 03 00 02 00 75 09 8b 01 89 84 24
0x000001a06d741056:   c8 00 00 00 49 83 c0 02 48 83 c1 08 4a 8d 14 86
0x000001a06d741066:   39 3a 75 af 4c 8d 84 24 c0 00 00 00 48 8d 15 d7
0x000001a06d741076:   2b 03 00 33 c9 e8 58 5f 00 00 b8 40 1f 00 00 4c 


Register to memory mapping:

RAX=0x000000003a61c11e is an unknown value
RBX=0x000001a06edb0090 is an unknown value
RCX=0x000001a06b8f2008 is an unknown value
RDX=0x000001a06b8f2004 is an unknown value
RSP=0x000000137a7fd010 is pointing into the stack for thread: 0x000001a050eda000
RBP=0x00000000000000ff is an unknown value
RSI=0x000001a06b8e2b1c is an unknown value
RDI=0x0000000000000000 is an unknown value
R8 =0x0000000000003d3a is an unknown value
R9 =0x000001a06b8e2b1c is an unknown value
R10=0x000001a0527b9c62 is at code_begin+962 in an Interpreter codelet
method entry point (kind = native)  [0x000001a0527b98a0, 0x000001a0527ba340]  2720 bytes
R11=0x000000005e4aea10 is an unknown value
R12=0x0000000000000001 is an unknown value
R13={method} {0x000001a06d517580} 'nalcCreateContext' '(JJ)J' in 'org/lwjgl/openal/ALC10'
R14=0x000000137a7fd1b0 is pointing into the stack for thread: 0x000001a050eda000
R15=0x000001a050eda000 is a thread


Stack: [0x000000137a700000,0x000000137a800000],  sp=0x000000137a7fd010,  free space=1012k
Native frames: (J=compiled Java code, j=interpreted, Vv=VM code, C=native code)
C  [OpenAL64.dll+0x11066]
C  [OpenAL64.dll+0x1248f]
C  0x000001a0527b9c8e

Java frames: (J=compiled Java code, j=interpreted, Vv=VM code)
j  org.lwjgl.openal.ALC10.nalcCreateContext(JJ)J+0
j  org.lwjgl.openal.ALC10.alcCreateContext(Lorg/lwjgl/openal/ALCdevice;Ljava/nio/IntBuffer;)Lorg/lwjgl/openal/ALCcontext;+8
j  org.lwjgl.openal.AL.init(Ljava/lang/String;IIZZ)V+69
j  org.lwjgl.openal.AL.create(Ljava/lang/String;IIZZ)V+246
j  org.lwjgl.openal.AL.create(Ljava/lang/String;IIZ)V+5
j  org.lwjgl.openal.AL.create()V+6
j  com.badlogic.gdx.backends.lwjgl.audio.OpenALAudio.<init>(III)V+114
j  com.badlogic.gdx.backends.lwjgl.LwjglApplication.<init>(Lcom/badlogic/gdx/ApplicationListener;Lcom/badlogic/gdx/backends/lwjgl/LwjglApplicationConfiguration;Lcom/badlogic/gdx/backends/lwjgl/LwjglGraphics;)V+120
j  com.badlogic.gdx.backends.lwjgl.LwjglApplication.<init>(Lcom/badlogic/gdx/ApplicationListener;Lcom/badlogic/gdx/backends/lwjgl/LwjglApplicationConfiguration;)V+11
j  org.uqbar.project.wollok.game.gameboard.WollokGDXApplication.<init>(Lorg/uqbar/project/wollok/game/gameboard/Gameboard;Ljava/lang/Boolean;)V+17
j  org.uqbar.project.wollok.game.helpers.Application.start(Lorg/uqbar/project/wollok/game/gameboard/Gameboard;Ljava/lang/Boolean;)V+5
j  org.uqbar.project.wollok.game.gameboard.Gameboard.start(Ljava/lang/Boolean;)V+13
j  wollok.game.GameObject.doStart(Ljava/lang/Boolean;)V+12
v  ~StubRoutines::call_stub
j  sun.reflect.NativeMethodAccessorImpl.invoke0(Ljava/lang/reflect/Method;Ljava/lang/Object;[Ljava/lang/Object;)Ljava/lang/Object;+0
j  sun.reflect.NativeMethodAccessorImpl.invoke(Ljava/lang/Object;[Ljava/lang/Object;)Ljava/lang/Object;+100
J 2485 C1 sun.reflect.DelegatingMethodAccessorImpl.invoke(Ljava/lang/Object;[Ljava/lang/Object;)Ljava/lang/Object; (10 bytes) @ 0x000001a052feec84 [0x000001a052feeb80+0x104]
J 2484 C1 java.lang.reflect.Method.invoke(Ljava/lang/Object;[Ljava/lang/Object;)Ljava/lang/Object; (62 bytes) @ 0x000001a052fee6ac [0x000001a052fee2c0+0x3ec]
j  org.uqbar.project.wollok.ui.utils.XTendUtilExtensions.invokeConvertingArgs(Ljava/lang/reflect/Method;Ljava/lang/Object;[Ljava/lang/Object;)Lorg/uqbar/project/wollok/interpreter/core/WollokObject;+261
j  org.uqbar.project.wollok.interpreter.AbstractWollokCallable._invokeNative(Ljava/lang/Object;Ljava/lang/String;[Lorg/uqbar/project/wollok/interpreter/core/WollokObject;)Lorg/uqbar/project/wollok/interpreter/core/WollokObject;+41
j  org.uqbar.project.wollok.interpreter.AbstractWollokCallable.invokeNative(Ljava/lang/Object;Ljava/lang/String;[Lorg/uqbar/project/wollok/interpreter/core/WollokObject;)Lorg/uqbar/project/wollok/interpreter/core/WollokObject;+26
j  org.uqbar.project.wollok.interpreter.AbstractWollokCallable$1.apply()Lorg/uqbar/project/wollok/interpreter/core/WollokObject;+55
j  org.uqbar.project.wollok.interpreter.AbstractWollokCallable$1.apply()Ljava/lang/Object;+1
j  org.uqbar.project.wollok.interpreter.threads.WThread.performOnStack(Lorg/eclipse/emf/ecore/EObject;Lorg/uqbar/project/wollok/interpreter/context/EvaluationContext;Lorg/eclipse/xtext/xbase/lib/Functions$Function0;)Lorg/uqbar/project/wollok/interpreter/core/WollokObject;+29
j  org.uqbar.project.wollok.interpreter.WollokInterpreter.performOnStack(Lorg/eclipse/emf/ecore/EObject;Lorg/uqbar/project/wollok/interpreter/context/EvaluationContext;Lorg/eclipse/xtext/xbase/lib/Functions$Function0;)Lorg/uqbar/project/wollok/interpreter/core/WollokObject;+7
j  org.uqbar.project.wollok.interpreter.AbstractWollokCallable.call(Lorg/uqbar/project/wollok/wollokDsl/WMethodDeclaration;[Lorg/uqbar/project/wollok/interpreter/core/WollokObject;)Lorg/uqbar/project/wollok/interpreter/core/WollokObject;+38
j  org.uqbar.project.wollok.interpreter.core.WollokObject.call(Ljava/lang/String;[Lorg/uqbar/project/wollok/interpreter/core/WollokObject;)Lorg/uqbar/project/wollok/interpreter/core/WollokObject;+55
j  org.uqbar.project.wollok.interpreter.WollokInterpreterEvaluator._evaluate(Lorg/uqbar/project/wollok/wollokDsl/WFeatureCall;)Lorg/uqbar/project/wollok/interpreter/core/WollokObject;+119
j  org.uqbar.project.wollok.launch.WollokLauncherInterpreterEvaluator.evaluate(Lorg/eclipse/emf/ecore/EObject;)Lorg/uqbar/project/wollok/interpreter/core/WollokObject;+412
j  org.uqbar.project.wollok.interpreter.WollokInterpreterEvaluator.evaluate(Lorg/eclipse/emf/ecore/EObject;)Ljava/lang/Object;+2
j  org.uqbar.project.wollok.interpreter.WollokInterpreter.eval(Lorg/eclipse/emf/ecore/EObject;)Lorg/uqbar/project/wollok/interpreter/core/WollokObject;+63
j  org.uqbar.project.wollok.interpreter.WollokInterpreterEvaluator.eval(Lorg/eclipse/emf/ecore/EObject;)Lorg/uqbar/project/wollok/interpreter/core/WollokObject;+5
j  org.uqbar.project.wollok.interpreter.WollokInterpreterEvaluator$1.apply(Lorg/uqbar/project/wollok/interpreter/core/WollokObject;Lorg/eclipse/emf/ecore/EObject;)Lorg/uqbar/project/wollok/interpreter/core/WollokObject;+5
j  org.uqbar.project.wollok.interpreter.WollokInterpreterEvaluator$1.apply(Ljava/lang/Object;Ljava/lang/Object;)Ljava/lang/Object;+9
j  org.eclipse.xtext.xbase.lib.IteratorExtensions.fold(Ljava/util/Iterator;Ljava/lang/Object;Lorg/eclipse/xtext/xbase/lib/Functions$Function2;)Ljava/lang/Object;+19
j  org.eclipse.xtext.xbase.lib.IterableExtensions.fold(Ljava/lang/Iterable;Ljava/lang/Object;Lorg/eclipse/xtext/xbase/lib/Functions$Function2;)Ljava/lang/Object;+8
j  org.uqbar.project.wollok.interpreter.WollokInterpreterEvaluator.evalAll(Ljava/lang/Iterable;)Lorg/uqbar/project/wollok/interpreter/core/WollokObject;+12
j  org.uqbar.project.wollok.interpreter.WollokInterpreterEvaluator._evaluate(Lorg/uqbar/project/wollok/wollokDsl/WBlockExpression;)Lorg/uqbar/project/wollok/interpreter/core/WollokObject;+34
j  org.uqbar.project.wollok.launch.WollokLauncherInterpreterEvaluator.evaluate(Lorg/eclipse/emf/ecore/EObject;)Lorg/uqbar/project/wollok/interpreter/core/WollokObject;+76
j  org.uqbar.project.wollok.interpreter.WollokInterpreterEvaluator.evaluate(Lorg/eclipse/emf/ecore/EObject;)Ljava/lang/Object;+2
j  org.uqbar.project.wollok.interpreter.WollokInterpreter.eval(Lorg/eclipse/emf/ecore/EObject;)Lorg/uqbar/project/wollok/interpreter/core/WollokObject;+63
j  org.uqbar.project.wollok.interpreter.AbstractWollokCallable.eval(Lorg/eclipse/emf/ecore/EObject;)Lorg/uqbar/project/wollok/interpreter/core/WollokObject;+5
j  org.uqbar.project.wollok.interpreter.AbstractWollokCallable$1.apply()Lorg/uqbar/project/wollok/interpreter/core/WollokObject;+110
j  org.uqbar.project.wollok.interpreter.AbstractWollokCallable$1.apply()Ljava/lang/Object;+1
j  org.uqbar.project.wollok.interpreter.threads.WThread.performOnStack(Lorg/eclipse/emf/ecore/EObject;Lorg/uqbar/project/wollok/interpreter/context/EvaluationContext;Lorg/eclipse/xtext/xbase/lib/Functions$Function0;)Lorg/uqbar/project/wollok/interpreter/core/WollokObject;+29
j  org.uqbar.project.wollok.interpreter.WollokInterpreter.performOnStack(Lorg/eclipse/emf/ecore/EObject;Lorg/uqbar/project/wollok/interpreter/context/EvaluationContext;Lorg/eclipse/xtext/xbase/lib/Functions$Function0;)Lorg/uqbar/project/wollok/interpreter/core/WollokObject;+7
j  org.uqbar.project.wollok.interpreter.AbstractWollokCallable.call(Lorg/uqbar/project/wollok/wollokDsl/WMethodDeclaration;[Lorg/uqbar/project/wollok/interpreter/core/WollokObject;)Lorg/uqbar/project/wollok/interpreter/core/WollokObject;+38
j  org.uqbar.project.wollok.interpreter.core.WollokObject.call(Ljava/lang/String;[Lorg/uqbar/project/wollok/interpreter/core/WollokObject;)Lorg/uqbar/project/wollok/interpreter/core/WollokObject;+55
j  org.uqbar.project.wollok.interpreter.WollokInterpreterEvaluator._evaluate(Lorg/uqbar/project/wollok/wollokDsl/WFeatureCall;)Lorg/uqbar/project/wollok/interpreter/core/WollokObject;+119
j  org.uqbar.project.wollok.launch.WollokLauncherInterpreterEvaluator.evaluate(Lorg/eclipse/emf/ecore/EObject;)Lorg/uqbar/project/wollok/interpreter/core/WollokObject;+412
j  org.uqbar.project.wollok.interpreter.WollokInterpreterEvaluator.evaluate(Lorg/eclipse/emf/ecore/EObject;)Ljava/lang/Object;+2
j  org.uqbar.project.wollok.interpreter.WollokInterpreter.eval(Lorg/eclipse/emf/ecore/EObject;)Lorg/uqbar/project/wollok/interpreter/core/WollokObject;+63
j  org.uqbar.project.wollok.interpreter.WollokInterpreterEvaluator.eval(Lorg/eclipse/emf/ecore/EObject;)Lorg/uqbar/project/wollok/interpreter/core/WollokObject;+5
j  org.uqbar.project.wollok.interpreter.WollokInterpreterEvaluator$1.apply(Lorg/uqbar/project/wollok/interpreter/core/WollokObject;Lorg/eclipse/emf/ecore/EObject;)Lorg/uqbar/project/wollok/interpreter/core/WollokObject;+5
j  org.uqbar.project.wollok.interpreter.WollokInterpreterEvaluator$1.apply(Ljava/lang/Object;Ljava/lang/Object;)Ljava/lang/Object;+9
j  org.eclipse.xtext.xbase.lib.IteratorExtensions.fold(Ljava/util/Iterator;Ljava/lang/Object;Lorg/eclipse/xtext/xbase/lib/Functions$Function2;)Ljava/lang/Object;+19
j  org.eclipse.xtext.xbase.lib.IterableExtensions.fold(Ljava/lang/Iterable;Ljava/lang/Object;Lorg/eclipse/xtext/xbase/lib/Functions$Function2;)Ljava/lang/Object;+8
j  org.uqbar.project.wollok.interpreter.WollokInterpreterEvaluator.evalAll(Ljava/lang/Iterable;)Lorg/uqbar/project/wollok/interpreter/core/WollokObject;+12
j  org.uqbar.project.wollok.interpreter.WollokInterpreterEvaluator._evaluate(Lorg/uqbar/project/wollok/wollokDsl/WProgram;)Lorg/uqbar/project/wollok/interpreter/core/WollokObject;+18
j  org.uqbar.project.wollok.launch.WollokLauncherInterpreterEvaluator.evaluate(Lorg/eclipse/emf/ecore/EObject;)Lorg/uqbar/project/wollok/interpreter/core/WollokObject;+444
j  org.uqbar.project.wollok.interpreter.WollokInterpreterEvaluator.evaluate(Lorg/eclipse/emf/ecore/EObject;)Ljava/lang/Object;+2
j  org.uqbar.project.wollok.interpreter.WollokInterpreter.eval(Lorg/eclipse/emf/ecore/EObject;)Lorg/uqbar/project/wollok/interpreter/core/WollokObject;+63
j  org.uqbar.project.wollok.interpreter.WollokInterpreterEvaluator.eval(Lorg/eclipse/emf/ecore/EObject;)Lorg/uqbar/project/wollok/interpreter/core/WollokObject;+5
j  org.uqbar.project.wollok.launch.WollokLauncherInterpreterEvaluator._evaluate(Lorg/uqbar/project/wollok/wollokDsl/WFile;)Lorg/uqbar/project/wollok/interpreter/core/WollokObject;+32
j  org.uqbar.project.wollok.launch.WollokLauncherInterpreterEvaluator.evaluate(Lorg/eclipse/emf/ecore/EObject;)Lorg/uqbar/project/wollok/interpreter/core/WollokObject;+428
j  org.uqbar.project.wollok.interpreter.WollokInterpreterEvaluator.evaluate(Lorg/eclipse/emf/ecore/EObject;)Ljava/lang/Object;+2
j  org.uqbar.project.wollok.interpreter.WollokInterpreter.interpret(Lorg/eclipse/emf/ecore/EObject;Ljava/lang/Boolean;)Lorg/uqbar/project/wollok/interpreter/core/WollokObject;+25
j  org.uqbar.project.wollok.interpreter.WollokInterpreter.interpret(Lorg/eclipse/emf/ecore/EObject;)Lorg/uqbar/project/wollok/interpreter/core/WollokObject;+8
j  org.uqbar.project.wollok.launch.WollokLauncher.doSomething(Lorg/uqbar/project/wollok/wollokDsl/WFile;Lcom/google/inject/Injector;Ljava/io/File;Lorg/uqbar/project/wollok/launch/WollokLauncherParameters;)V+109
j  org.uqbar.project.wollok.launch.WollokChecker.launch(Ljava/lang/String;Lorg/uqbar/project/wollok/launch/WollokLauncherParameters;)V+31
j  org.uqbar.project.wollok.launch.WollokChecker.doMain([Ljava/lang/String;)V+205
j  org.uqbar.project.wollok.launch.WollokLauncher.main([Ljava/lang/String;)V+8
v  ~StubRoutines::call_stub

---------------  P R O C E S S  ---------------

Java Threads: ( => current thread )
  0x000001a069f6b000 JavaThread "com.google.inject.internal.util.$Finalizer" daemon [_thread_blocked, id=9580, stack(0x000000137bc00000,0x000000137bd00000)]
  0x000001a069695000 JavaThread "EMF Reference Cleaner" daemon [_thread_blocked, id=2500, stack(0x000000137bb00000,0x000000137bc00000)]
  0x000001a068e50000 JavaThread "Service Thread" daemon [_thread_blocked, id=4616, stack(0x000000137b900000,0x000000137ba00000)]
  0x000001a066fd1000 JavaThread "C1 CompilerThread3" daemon [_thread_blocked, id=7600, stack(0x000000137b800000,0x000000137b900000)]
  0x000001a066fd4000 JavaThread "C2 CompilerThread2" daemon [_thread_blocked, id=11024, stack(0x000000137b700000,0x000000137b800000)]
  0x000001a066fc2000 JavaThread "C2 CompilerThread1" daemon [_thread_blocked, id=7696, stack(0x000000137b600000,0x000000137b700000)]
  0x000001a066faa000 JavaThread "C2 CompilerThread0" daemon [_thread_blocked, id=8364, stack(0x000000137b500000,0x000000137b600000)]
  0x000001a066fa9000 JavaThread "Attach Listener" daemon [_thread_blocked, id=8816, stack(0x000000137b400000,0x000000137b500000)]
  0x000001a066fa8000 JavaThread "Signal Dispatcher" daemon [_thread_blocked, id=8420, stack(0x000000137b300000,0x000000137b400000)]
  0x000001a066f88000 JavaThread "Finalizer" daemon [_thread_blocked, id=6348, stack(0x000000137b200000,0x000000137b300000)]
  0x000001a066f79000 JavaThread "Reference Handler" daemon [_thread_blocked, id=7668, stack(0x000000137b100000,0x000000137b200000)]
=>0x000001a050eda000 JavaThread "main" [_thread_in_native, id=6988, stack(0x000000137a700000,0x000000137a800000)]

Other Threads:
  0x000001a066f51800 VMThread [stack: 0x000000137b000000,0x000000137b100000] [id=4424]
  0x000001a068e51000 WatcherThread [stack: 0x000000137ba00000,0x000000137bb00000] [id=14328]

VM state:not at safepoint (normal execution)

VM Mutex/Monitor currently owned by a thread: None

heap address: 0x0000000082000000, size: 2016 MB, Compressed Oops mode: 32-bit
Narrow klass base: 0x0000000000000000, Narrow klass shift: 3
Compressed class space size: 1073741824 Address: 0x0000000100000000

Heap:
 PSYoungGen      total 136192K, used 2978K [0x00000000d6000000, 0x00000000dea00000, 0x0000000100000000)
  eden space 131072K, 2% used [0x00000000d6000000,0x00000000d62e8a28,0x00000000de000000)
  from space 5120K, 0% used [0x00000000de500000,0x00000000de500000,0x00000000dea00000)
  to   space 5120K, 0% used [0x00000000de000000,0x00000000de000000,0x00000000de500000)
 ParOldGen       total 94208K, used 27033K [0x0000000082000000, 0x0000000087c00000, 0x00000000d6000000)
  object space 94208K, 28% used [0x0000000082000000,0x0000000083a66560,0x0000000087c00000)
 Metaspace       used 21190K, capacity 21508K, committed 21760K, reserved 1069056K
  class space    used 2681K, capacity 2756K, committed 2816K, reserved 1048576K

Card table byte_map: [0x000001a061b60000,0x000001a061f60000] byte_map_base: 0x000001a061750000

Marking Bits: (ParMarkBitMap*) 0x000000005ea97790
 Begin Bits: [0x000001a062200000, 0x000001a064180000)
 End Bits:   [0x000001a064180000, 0x000001a066100000)

Polling page: 0x000001a052770000

CodeCache: size=245760Kb used=10554Kb max_used=10554Kb free=235205Kb
 bounds [0x000001a0527a0000, 0x000001a053200000, 0x000001a0617a0000]
 total_blobs=3678 nmethods=3238 adapters=352
 compilation: enabled

Compilation events (10 events):
Event: 2.401 Thread 0x000001a066fd1000 3240       3       java.io.FileInputStream::read (9 bytes)
Event: 2.401 Thread 0x000001a066fd1000 nmethod 3240 0x000001a0531e2690 code [0x000001a0531e2800, 0x000001a0531e2990]
Event: 2.409 Thread 0x000001a066fd1000 3241       3       java.nio.DirectByteBuffer::put (18 bytes)
Event: 2.409 Thread 0x000001a066fd1000 

Event: 2.409 Thread 0x000001a066fd1000 3242       3       java.nio.DirectByteBuffer::ix (10 bytes)
Event: 2.409 Thread 0x000001a066fd1000 nmethod 3242 0x000001a0531dfb10 code [0x000001a0531dfc60, 0x000001a0531dfdb8]
Event: 2.409 Thread 0x000001a066fd1000 3245       1       java.nio.DirectByteBuffer::ix (10 bytes)
Event: 2.409 Thread 0x000001a066fd1000 nmethod 3245 0x000001a0531df850 code [0x000001a0531df9a0, 0x000001a0531dfab8]
Event: 2.409 Thread 0x000001a066fd1000 3244       3       java.nio.DirectByteBuffer::put (18 bytes)
Event: 2.409 Thread 0x000001a066fd1000 nmethod 3244 0x000001a0531df350 code [0x000001a0531df4c0, 0x000001a0531df738]

GC Heap History (10 events):
Event: 0.398 GC heap before
{Heap before GC invocations=1 (full 0):
 PSYoungGen      total 37888K, used 32768K [0x00000000d6000000, 0x00000000d8a00000, 0x0000000100000000)
  eden space 32768K, 100% used [0x00000000d6000000,0x00000000d8000000,0x00000000d8000000)
  from space 5120K, 0% used [0x00000000d8500000,0x00000000d8500000,0x00000000d8a00000)
  to   space 5120K, 0% used [0x00000000d8000000,0x00000000d8000000,0x00000000d8500000)
 ParOldGen       total 86016K, used 0K [0x0000000082000000, 0x0000000087400000, 0x00000000d6000000)
  object space 86016K, 0% used [0x0000000082000000,0x0000000082000000,0x0000000087400000)
 Metaspace       used 5660K, capacity 5750K, committed 5888K, reserved 1056768K
  class space    used 617K, capacity 659K, committed 768K, reserved 1048576K
Event: 0.402 GC heap after
Heap after GC invocations=1 (full 0):
 PSYoungGen      total 37888K, used 5112K [0x00000000d6000000, 0x00000000daa00000, 0x0000000100000000)
  eden space 32768K, 0% used [0x00000000d6000000,0x00000000d6000000,0x00000000d8000000)
  from space 5120K, 99% used [0x00000000d8000000,0x00000000d84fe200,0x00000000d8500000)
  to   space 5120K, 0% used [0x00000000da500000,0x00000000da500000,0x00000000daa00000)
 ParOldGen       total 86016K, used 1677K [0x0000000082000000, 0x0000000087400000, 0x00000000d6000000)
  object space 86016K, 1% used [0x0000000082000000,0x00000000821a3498,0x0000000087400000)
 Metaspace       used 5660K, capacity 5750K, committed 5888K, reserved 1056768K
  class space    used 617K, capacity 659K, committed 768K, reserved 1048576K
}
Event: 0.657 GC heap before
{Heap before GC invocations=2 (full 0):
 PSYoungGen      total 37888K, used 37880K [0x00000000d6000000, 0x00000000daa00000, 0x0000000100000000)
  eden space 32768K, 100% used [0x00000000d6000000,0x00000000d8000000,0x00000000d8000000)
  from space 5120K, 99% used [0x00000000d8000000,0x00000000d84fe200,0x00000000d8500000)
  to   space 5120K, 0% used [0x00000000da500000,0x00000000da500000,0x00000000daa00000)
 ParOldGen       total 86016K, used 1677K [0x0000000082000000, 0x0000000087400000, 0x00000000d6000000)
  object space 86016K, 1% used [0x0000000082000000,0x00000000821a3498,0x0000000087400000)
 Metaspace       used 8474K, capacity 8604K, committed 8832K, reserved 1056768K
  class space    used 1018K, capacity 1076K, committed 1152K, reserved 1048576K
Event: 0.665 GC heap after
Heap after GC invocations=2 (full 0):
 PSYoungGen      total 70656K, used 5117K [0x00000000d6000000, 0x00000000daa00000, 0x0000000100000000)
  eden space 65536K, 0% used [0x00000000d6000000,0x00000000d6000000,0x00000000da000000)
  from space 5120K, 99% used [0x00000000da500000,0x00000000da9ff7e8,0x00000000daa00000)
  to   space 5120K, 0% used [0x00000000da000000,0x00000000da000000,0x00000000da500000)
 ParOldGen       total 86016K, used 12426K [0x0000000082000000, 0x0000000087400000, 0x00000000d6000000)
  object space 86016K, 14% used [0x0000000082000000,0x0000000082c229e8,0x0000000087400000)
 Metaspace       used 8474K, capacity 8604K, committed 8832K, reserved 1056768K
  class space    used 1018K, capacity 1076K, committed 1152K, reserved 1048576K
}
Event: 1.299 GC heap before
{Heap before GC invocations=3 (full 0):
 PSYoungGen      total 70656K, used 70653K [0x00000000d6000000, 0x00000000daa00000, 0x0000000100000000)
  eden space 65536K, 100% used [0x00000000d6000000,0x00000000da000000,0x00000000da000000)
  from space 5120K, 99% used [0x00000000da500000,0x00000000da9ff7e8,0x00000000daa00000)
  to   space 5120K, 0% used [0x00000000da000000,0x00000000da000000,0x00000000da500000)
 ParOldGen       total 86016K, used 12426K [0x0000000082000000, 0x0000000087400000, 0x00000000d6000000)
  object space 86016K, 14% used [0x0000000082000000,0x0000000082c229e8,0x0000000087400000)
 Metaspace       used 15579K, capacity 15742K, committed 16000K, reserved 1062912K
  class space    used 2021K, capacity 2079K, committed 2176K, reserved 1048576K
Event: 1.308 GC heap after
Heap after GC invocations=3 (full 0):
 PSYoungGen      total 70656K, used 5115K [0x00000000d6000000, 0x00000000dea00000, 0x0000000100000000)
  eden space 65536K, 0% used [0x00000000d6000000,0x00000000d6000000,0x00000000da000000)
  from space 5120K, 99% used [0x00000000da000000,0x00000000da4fef20,0x00000000da500000)
  to   space 5120K, 0% used [0x00000000de500000,0x00000000de500000,0x00000000dea00000)
 ParOldGen       total 86016K, used 24502K [0x0000000082000000, 0x0000000087400000, 0x00000000d6000000)
  object space 86016K, 28% used [0x0000000082000000,0x00000000837ed8e0,0x0000000087400000)
 Metaspace       used 15579K, capacity 15742K, committed 16000K, reserved 1062912K
  class space    used 2021K, capacity 2079K, committed 2176K, reserved 1048576K
}
Event: 2.327 GC heap before
{Heap before GC invocations=4 (full 0):
 PSYoungGen      total 70656K, used 61831K [0x00000000d6000000, 0x00000000dea00000, 0x0000000100000000)
  eden space 65536K, 86% used [0x00000000d6000000,0x00000000d9763078,0x00000000da000000)
  from space 5120K, 99% used [0x00000000da000000,0x00000000da4fef20,0x00000000da500000)
  to   space 5120K, 0% used [0x00000000de500000,0x00000000de500000,0x00000000dea00000)
 ParOldGen       total 86016K, used 24502K [0x0000000082000000, 0x0000000087400000, 0x00000000d6000000)
  object space 86016K, 28% used [0x0000000082000000,0x00000000837ed8e0,0x0000000087400000)
 Metaspace       used 20886K, capacity 21156K, committed 21248K, reserved 1067008K
  class space    used 2637K, capacity 2724K, committed 2816K, reserved 1048576K
Event: 2.336 GC heap after
Heap after GC invocations=4 (full 0):
 PSYoungGen      total 136192K, used 5115K [0x00000000d6000000, 0x00000000dea00000, 0x0000000100000000)
  eden space 131072K, 0% used [0x00000000d6000000,0x00000000d6000000,0x00000000de000000)
  from space 5120K, 99% used [0x00000000de500000,0x00000000de9fef10,0x00000000dea00000)
  to   space 5120K, 0% used [0x00000000de000000,0x00000000de000000,0x00000000de500000)
 ParOldGen       total 86016K, used 31278K [0x0000000082000000, 0x0000000087400000, 0x00000000d6000000)
  object space 86016K, 36% used [0x0000000082000000,0x0000000083e8bb68,0x0000000087400000)
 Metaspace       used 20886K, capacity 21156K, committed 21248K, reserved 1067008K
  class space    used 2637K, capacity 2724K, committed 2816K, reserved 1048576K
}
Event: 2.336 GC heap before
{Heap before GC invocations=5 (full 1):
 PSYoungGen      total 136192K, used 5115K [0x00000000d6000000, 0x00000000dea00000, 0x0000000100000000)
  eden space 131072K, 0% used [0x00000000d6000000,0x00000000d6000000,0x00000000de000000)
  from space 5120K, 99% used [0x00000000de500000,0x00000000de9fef10,0x00000000dea00000)
  to   space 5120K, 0% used [0x00000000de000000,0x00000000de000000,0x00000000de500000)
 ParOldGen       total 86016K, used 31278K [0x0000000082000000, 0x0000000087400000, 0x00000000d6000000)
  object space 86016K, 36% used [0x0000000082000000,0x0000000083e8bb68,0x0000000087400000)
 Metaspace       used 20886K, capacity 21156K, committed 21248K, reserved 1067008K
  class space    used 2637K, capacity 2724K, committed 2816K, reserved 1048576K
Event: 2.390 GC heap after
Heap after GC invocations=5 (full 1):
 PSYoungGen      total 136192K, used 0K [0x00000000d6000000, 0x00000000dea00000, 0x0000000100000000)
  eden space 131072K, 0% used [0x00000000d6000000,0x00000000d6000000,0x00000000de000000)
  from space 5120K, 0% used [0x00000000de500000,0x00000000de500000,0x00000000dea00000)
  to   space 5120K, 0% used [0x00000000de000000,0x00000000de000000,0x00000000de500000)
 ParOldGen       total 94208K, used 27033K [0x0000000082000000, 0x0000000087c00000, 0x00000000d6000000)
  object space 94208K, 28% used [0x0000000082000000,0x0000000083a66560,0x0000000087c00000)
 Metaspace       used 20886K, capacity 21156K, committed 21248K, reserved 1067008K
  class space    used 2637K, capacity 2724K, committed 2816K, reserved 1048576K
}

Deoptimization events (10 events):
Event: 1.706 Thread 0x000001a050eda000 Uncommon trap: reason=unstable_if action=reinterpret pc=0x000001a052e2c684 method=org.antlr.runtime.ANTLRStringStream.mark()I @ 4
Event: 1.712 Thread 0x000001a050eda000 Uncommon trap: reason=unstable_if action=reinterpret pc=0x000001a052ee91a8 method=java.util.HashMap.computeIfAbsent(Ljava/lang/Object;Ljava/util/function/Function;)Ljava/lang/Object; @ 44
Event: 1.834 Thread 0x000001a050eda000 Uncommon trap: reason=unstable_if action=reinterpret pc=0x000001a052fc8b58 method=org.eclipse.emf.common.notify.impl.NotifierImpl.eAdapters()Lorg/eclipse/emf/common/util/EList; @ 4
Event: 1.835 Thread 0x000001a050eda000 Uncommon trap: reason=unstable_if action=reinterpret pc=0x000001a0530321a8 method=org.eclipse.emf.common.notify.impl.BasicNotifierImpl$EAdapterList.data()[Ljava/lang/Object; @ 16
Event: 1.839 Thread 0x000001a050eda000 Uncommon trap: reason=unstable_if action=reinterpret pc=0x000001a0530439c4 method=org.eclipse.emf.common.notify.impl.BasicNotifierImpl$EAdapterList.getAdapterForType(Ljava/lang/Object;)Lorg/eclipse/emf/common/notify/Adapter; @ 50
Event: 1.854 Thread 0x000001a050eda000 Uncommon trap: reason=unstable_if action=reinterpret pc=0x000001a053042ed8 method=org.eclipse.emf.common.notify.impl.BasicNotifierImpl$EAdapterList.getAdapterForType(Ljava/lang/Object;)Lorg/eclipse/emf/common/notify/Adapter; @ 50
Event: 1.855 Thread 0x000001a050eda000 Uncommon trap: reason=unstable_if action=reinterpret pc=0x000001a05302a2dc method=org.eclipse.emf.common.notify.impl.BasicNotifierImpl$EAdapterList.data()[Ljava/lang/Object; @ 16
Event: 1.988 Thread 0x000001a050eda000 Uncommon trap: reason=unstable_if action=reinterpret pc=0x000001a052cc7ea4 method=java.util.concurrent.ConcurrentHashMap.putVal(Ljava/lang/Object;Ljava/lang/Object;Z)Ljava/lang/Object; @ 181
Event: 2.176 Thread 0x000001a050eda000 Uncommon trap: reason=unstable_if action=reinterpret pc=0x000001a052b75920 method=java.io.WinNTFileSystem.normalize(Ljava/lang/String;)Ljava/lang/String; @ 49
Event: 2.186 Thread 0x000001a050eda000 Uncommon trap: reason=unstable_if action=reinterpret pc=0x000001a0529377c8 method=java.lang.ThreadLocal$ThreadLocalMap.getEntry(Ljava/lang/ThreadLocal;)Ljava/lang/ThreadLocal$ThreadLocalMap$Entry; @ 29

Classes redefined (0 events):
No events

Internal exceptions (10 events):
Event: 2.054 Thread 0x000001a050eda000 Exception <a 'java/lang/reflect/InvocationTargetException'> (0x00000000d8b54030) thrown at [J:\jenkins\tmp\workspace\build\src\hotspot\src\share\vm\runtime\reflection.cpp, line 1092]
Event: 2.055 Thread 0x000001a050eda000 Exception <a 'java/lang/reflect/InvocationTargetException'> (0x00000000d8b6cb38) thrown at [J:\jenkins\tmp\workspace\build\src\hotspot\src\share\vm\runtime\reflection.cpp, line 1092]
Event: 2.055 Thread 0x000001a050eda000 Exception <a 'java/lang/reflect/InvocationTargetException'> (0x00000000d8b85728) thrown at [J:\jenkins\tmp\workspace\build\src\hotspot\src\share\vm\runtime\reflection.cpp, line 1092]
Event: 2.058 Thread 0x000001a050eda000 Exception <a 'java/lang/reflect/InvocationTargetException'> (0x00000000d8bc2ac0) thrown at [J:\jenkins\tmp\workspace\build\src\hotspot\src\share\vm\runtime\reflection.cpp, line 1092]
Event: 2.414 Thread 0x000001a050eda000 Exception <a 'java/security/PrivilegedActionException'> (0x00000000d614acb0) thrown at [J:\jenkins\tmp\workspace\build\src\hotspot\src\share\vm\prims\jvm.cpp, line 1512]
Event: 2.414 Thread 0x000001a050eda000 Exception <a 'java/security/PrivilegedActionException'> (0x00000000d614c1e0) thrown at [J:\jenkins\tmp\workspace\build\src\hotspot\src\share\vm\prims\jvm.cpp, line 1512]
Event: 2.414 Thread 0x000001a050eda000 Exception <a 'java/security/PrivilegedActionException'> (0x00000000d614d610) thrown at [J:\jenkins\tmp\workspace\build\src\hotspot\src\share\vm\prims\jvm.cpp, line 1512]
Event: 2.414 Thread 0x000001a050eda000 Exception <a 'java/security/PrivilegedActionException'> (0x00000000d614ecd0) thrown at [J:\jenkins\tmp\workspace\build\src\hotspot\src\share\vm\prims\jvm.cpp, line 1512]
Event: 2.414 Thread 0x000001a050eda000 Exception <a 'java/security/PrivilegedActionException'> (0x00000000d61500c8) thrown at [J:\jenkins\tmp\workspace\build\src\hotspot\src\share\vm\prims\jvm.cpp, line 1512]
Event: 2.414 Thread 0x000001a050eda000 Exception <a 'java/security/PrivilegedActionException'> (0x00000000d6151490) thrown at [J:\jenkins\tmp\workspace\build\src\hotspot\src\share\vm\prims\jvm.cpp, line 1512]

Events (10 events):
Event: 2.432 loading class org/lwjgl/openal/ALCdevice
Event: 2.432 loading class org/lwjgl/openal/ALCdevice done
Event: 2.433 loading class org/lwjgl/openal/ALCcontext
Event: 2.433 loading class org/lwjgl/openal/ALCcontext done
Event: 2.433 loading class java/nio/DirectIntBufferU
Event: 2.433 loading class java/nio/DirectIntBufferU done
Event: 2.433 loading class org/lwjgl/openal/Util
Event: 2.433 loading class org/lwjgl/openal/Util done
Event: 2.434 loading class org/lwjgl/openal/OpenALException
Event: 2.434 loading class org/lwjgl/openal/OpenALException done


Dynamic libraries:
0x00007ff66c120000 - 0x00007ff66c15a000 	C:\Program Files\AdoptOpenJDK\jdk-8.0.265.01-hotspot\bin\javaw.exe
0x00007ffc9e790000 - 0x00007ffc9e986000 	C:\WINDOWS\SYSTEM32\ntdll.dll
0x00007ffc9e690000 - 0x00007ffc9e74d000 	C:\WINDOWS\System32\KERNEL32.DLL
0x00007ffc9bfe0000 - 0x00007ffc9c2a8000 	C:\WINDOWS\System32\KERNELBASE.dll
0x00007ffc9ce00000 - 0x00007ffc9ceac000 	C:\WINDOWS\System32\ADVAPI32.dll
0x00007ffc9d190000 - 0x00007ffc9d22e000 	C:\WINDOWS\System32\msvcrt.dll
0x00007ffc9e5e0000 - 0x00007ffc9e67b000 	C:\WINDOWS\System32\sechost.dll
0x00007ffc9d300000 - 0x00007ffc9d424000 	C:\WINDOWS\System32\RPCRT4.dll
0x00007ffc9cfc0000 - 0x00007ffc9d160000 	C:\WINDOWS\System32\USER32.dll
0x00007ffc9c640000 - 0x00007ffc9c662000 	C:\WINDOWS\System32\win32u.dll
0x00007ffc9e3a0000 - 0x00007ffc9e3ca000 	C:\WINDOWS\System32\GDI32.dll
0x00007ffc9bed0000 - 0x00007ffc9bfd9000 	C:\WINDOWS\System32\gdi32full.dll
0x00007ffc9c2b0000 - 0x00007ffc9c34d000 	C:\WINDOWS\System32\msvcp_win.dll
0x00007ffc9c540000 - 0x00007ffc9c640000 	C:\WINDOWS\System32\ucrtbase.dll
0x00007ffc7d900000 - 0x00007ffc7db9b000 	C:\WINDOWS\WinSxS\amd64_microsoft.windows.common-controls_6595b64144ccf1df_6.0.19041.488_none_ca04af081b815d21\COMCTL32.dll
0x00007ffc9d160000 - 0x00007ffc9d190000 	C:\WINDOWS\System32\IMM32.DLL
0x00007ffc8ecd0000 - 0x00007ffc8edbf000 	C:\Program Files\AdoptOpenJDK\jdk-8.0.265.01-hotspot\jre\bin\msvcr120.dll
0x00007ffc695e0000 - 0x00007ffc69686000 	C:\Program Files\AdoptOpenJDK\jdk-8.0.265.01-hotspot\jre\bin\msvcp120.dll
0x000000005e2b0000 - 0x000000005eb16000 	C:\Program Files\AdoptOpenJDK\jdk-8.0.265.01-hotspot\jre\bin\server\jvm.dll
0x00007ffc9db80000 - 0x00007ffc9db88000 	C:\WINDOWS\System32\PSAPI.DLL
0x00007ffc8cac0000 - 0x00007ffc8caca000 	C:\WINDOWS\SYSTEM32\VERSION.dll
0x00007ffc913c0000 - 0x00007ffc913e7000 	C:\WINDOWS\SYSTEM32\WINMM.dll
0x00007ffc87bb0000 - 0x00007ffc87bb9000 	C:\WINDOWS\SYSTEM32\WSOCK32.dll
0x00007ffc9d290000 - 0x00007ffc9d2fb000 	C:\WINDOWS\System32\WS2_32.dll
0x00007ffc7d480000 - 0x00007ffc7d48f000 	C:\Program Files\AdoptOpenJDK\jdk-8.0.265.01-hotspot\jre\bin\verify.dll
0x00007ffc653d0000 - 0x00007ffc653f8000 	C:\Program Files\AdoptOpenJDK\jdk-8.0.265.01-hotspot\jre\bin\java.dll
0x00007ffc65270000 - 0x00007ffc65286000 	C:\Program Files\AdoptOpenJDK\jdk-8.0.265.01-hotspot\jre\bin\zip.dll
0x00007ffc9d430000 - 0x00007ffc9db71000 	C:\WINDOWS\System32\SHELL32.dll
0x00007ffc99cc0000 - 0x00007ffc9a455000 	C:\WINDOWS\SYSTEM32\windows.storage.dll
0x00007ffc9dd70000 - 0x00007ffc9e0c5000 	C:\WINDOWS\System32\combase.dll
0x00007ffc9b870000 - 0x00007ffc9b89c000 	C:\WINDOWS\SYSTEM32\Wldp.dll
0x00007ffc9cf10000 - 0x00007ffc9cfbe000 	C:\WINDOWS\System32\SHCORE.dll
0x00007ffc9e210000 - 0x00007ffc9e265000 	C:\WINDOWS\System32\shlwapi.dll
0x00007ffc9be00000 - 0x00007ffc9be26000 	C:\WINDOWS\SYSTEM32\profapi.dll
0x0000000065580000 - 0x0000000065616000 	C:\Users\54116\AppData\Local\Temp\libgdxLeandro Peppe\12dfaa03\gdx64.dll
0x00007ffc9b7c0000 - 0x00007ffc9b7d8000 	C:\WINDOWS\SYSTEM32\CRYPTSP.dll
0x00007ffc9af80000 - 0x00007ffc9afb4000 	C:\WINDOWS\system32\rsaenh.dll
0x00007ffc9c4b0000 - 0x00007ffc9c4d7000 	C:\WINDOWS\System32\bcrypt.dll
0x00007ffc9bd80000 - 0x00007ffc9bdae000 	C:\WINDOWS\SYSTEM32\USERENV.dll
0x00007ffc9c6c0000 - 0x00007ffc9c73f000 	C:\WINDOWS\System32\bcryptprimitives.dll
0x00007ffc9b7e0000 - 0x00007ffc9b7ec000 	C:\WINDOWS\SYSTEM32\CRYPTBASE.dll
0x00007ffc65840000 - 0x00007ffc6585a000 	C:\Program Files\AdoptOpenJDK\jdk-8.0.265.01-hotspot\jre\bin\net.dll
0x00007ffc9b5f0000 - 0x00007ffc9b65a000 	C:\WINDOWS\system32\mswsock.dll
0x00007ffc9b2e0000 - 0x00007ffc9b31b000 	C:\WINDOWS\SYSTEM32\IPHLPAPI.DLL
0x00007ffc9e680000 - 0x00007ffc9e688000 	C:\WINDOWS\System32\NSI.dll
0x00007ffc94de0000 - 0x00007ffc94df7000 	C:\WINDOWS\SYSTEM32\dhcpcsvc6.DLL
0x00007ffc95070000 - 0x00007ffc9508d000 	C:\WINDOWS\SYSTEM32\dhcpcsvc.DLL
0x00007ffc9b320000 - 0x00007ffc9b3eb000 	C:\WINDOWS\SYSTEM32\DNSAPI.dll
0x00007ffc5bae0000 - 0x00007ffc5baf2000 	C:\Program Files\AdoptOpenJDK\jdk-8.0.265.01-hotspot\jre\bin\nio.dll
0x0000000180000000 - 0x0000000180053000 	C:\Users\54116\AppData\Local\Temp\libgdxLeandro Peppe\dc0f0009\lwjgl64.dll
0x00007ffc7add0000 - 0x00007ffc7aef5000 	C:\WINDOWS\SYSTEM32\OPENGL32.dll
0x00007ffc7b800000 - 0x00007ffc7b82c000 	C:\WINDOWS\SYSTEM32\GLU32.dll
0x000001a06d730000 - 0x000001a06d794000 	C:\Users\54116\AppData\Local\Temp\libgdxLeandro Peppe\dc0f0009\OpenAL64.dll
0x00007ffc9e270000 - 0x00007ffc9e39a000 	C:\WINDOWS\System32\ole32.dll
0x00007ffc9aaf0000 - 0x00007ffc9ab02000 	C:\WINDOWS\SYSTEM32\kernel.appcore.dll
0x00007ffc99500000 - 0x00007ffc9959e000 	C:\WINDOWS\system32\uxtheme.dll
0x00007ffc9c7f0000 - 0x00007ffc9c899000 	C:\WINDOWS\System32\clbcatq.dll
0x00007ffc70790000 - 0x00007ffc7082c000 	C:\WINDOWS\SYSTEM32\dsound.dll
0x00007ffc9bd30000 - 0x00007ffc9bd7b000 	C:\WINDOWS\SYSTEM32\powrprof.dll
0x00007ffc7a110000 - 0x00007ffc7a136000 	C:\WINDOWS\SYSTEM32\winmmbase.dll
0x00007ffc9bd10000 - 0x00007ffc9bd22000 	C:\WINDOWS\SYSTEM32\UMPDC.dll
0x00007ffc95c20000 - 0x00007ffc95ca5000 	C:\WINDOWS\System32\MMDevApi.dll
0x00007ffc9bbb0000 - 0x00007ffc9bbdc000 	C:\WINDOWS\System32\DEVOBJ.dll
0x00007ffc9c670000 - 0x00007ffc9c6be000 	C:\WINDOWS\System32\cfgmgr32.dll
0x00007ffc95d20000 - 0x00007ffc95ea1000 	C:\WINDOWS\SYSTEM32\AUDIOSES.DLL
0x00007ffc9db90000 - 0x00007ffc9dc5d000 	C:\WINDOWS\System32\OLEAUT32.dll
0x00007ffc9a8e0000 - 0x00007ffc9aac4000 	C:\WINDOWS\SYSTEM32\dbghelp.dll

VM Arguments:
jvm_args: -Duser.language=es_AR -Dfile.encoding=UTF-8 
java_command: org.uqbar.project.wollok.launch.WollokLauncher -requestsPort 0 -eventsPort 0 -folder -dontValidate -wf src/game.wpgm
java_class_path (initial): C:\Users\54116\Downloads\Wollok\workspace\git\2020s2-tp-juego-grupo4\bin;C:\Users\54116\Downloads\Wollok\plugins\com.ibm.icu_64.2.0.v20190507-1337.jar;C:\Users\54116\Downloads\Wollok\plugins\org.eclipse.xtext_2.20.0.v20191202-0915.jar;C:\Users\54116\Downloads\Wollok\plugins\org.eclipse.emf.ecore.xmi_2.16.0.v20190528-0725.jar;C:\Users\54116\Downloads\Wollok\plugins\org.eclipse.emf.ecore_2.20.0.v20190920-0401.jar;C:\Users\54116\Downloads\Wollok\plugins\org.eclipse.emf.common_2.17.0.v20190920-0401.jar;C:\Users\54116\Downloads\Wollok\plugins\org.antlr.runtime_3.2.0.v201101311130.jar;C:\Users\54116\Downloads\Wollok\plugins\com.google.inject_3.0.0.v201605172100.jar;C:\Users\54116\Downloads\Wollok\plugins\org.eclipse.emf.mwe.core_1.5.1.v20191121-1148.jar;C:\Users\54116\Downloads\Wollok\plugins\org.apache.commons.cli_1.2.0.v201404270220.jar;C:\Users\54116\Downloads\Wollok\plugins\org.eclipse.emf.mwe2.runtime_2.11.1.v20191121-1148.jar;C:\Users\54116\Downloads\Wollok\plugins\org.eclipse.emf.mwe.utils_1.5.1.v20191121-1148.jar;C:\Users\54116\Downloads\Wollok\plugins\org.eclipse.xtext.util_2.20.0.v20191202-0915.jar;C:\Users\54116\Downloads\Wollok\plugins\com.google.guava_27.1.0.v20190517-1946.jar;C:\Users\54116\Downloads\Wollok\plugins\javax.inject_1.0.0.v20091030.jar;C:\Users\54116\Downloads\Wollok\plugins\org.eclipse.xtext.generator_2.20.0.v20191202-0933.jar;C:\Users\54116\Downloads\Wollok\plugins\org.eclipse.xtext.xtext.generator_2.20.0.v20191202-0915.jar;C:\Users\54116\Downloads\Wollok\plugins\org.eclipse.xtext.xbase.lib_2.20.0.v20191202-0907.jar;C:\Users\54116\Downloads\Wollok\plugins\org.eclipse.emf.codegen.ecore_2.20.0.v20191012-0918.jar;C:\Users\54116\Downloads\Wollok\plugins\org.eclipse.emf.codegen_2.19.0.v20190821-1536.jar;C:\Users\54116\Downloads\Wollok\plugins\org.eclipse.xtend_2.2.0.v201605260315.jar;C:\Users\54116\Downloads\Wollok\plugins\org.eclipse.xpand_2.2.0.v201605260315.jar;C:\Users\54116\Downloads\Wollok\plugins\org.eclipse.xtend
Launcher Type: SUN_STANDARD

Environment Variables:
PATH=C:/Program Files/AdoptOpenJDK/jdk-8.0.265.01-hotspot/bin/../jre/bin/server;C:/Program Files/AdoptOpenJDK/jdk-8.0.265.01-hotspot/bin/../jre/bin;C:/Program Files/AdoptOpenJDK/jdk-8.0.265.01-hotspot/bin/../jre/lib/amd64;C:\Program Files\AdoptOpenJDK\jdk-8.0.265.01-hotspot\bin;C:\Program Files (x86)\Intel\Intel(R) Management Engine Components\iCLS\;C:\Program Files\Intel\Intel(R) Management Engine Components\iCLS\;C:\WINDOWS\system32;C:\WINDOWS;C:\WINDOWS\System32\Wbem;C:\WINDOWS\System32\WindowsPowerShell\v1.0\;C:\Program Files (x86)\Intel\Intel(R) Management Engine Components\DAL;C:\Program Files\Intel\Intel(R) Management Engine Components\DAL;C:\Program Files (x86)\Intel\Intel(R) Management Engine Components\IPT;C:\Program Files\Intel\Intel(R) Management Engine Components\IPT;C:\WINDOWS\System32\OpenSSH\;C:\Users\54116\AppData\Local\Microsoft\WindowsApps;C:\Users\54116\AppData\Local\atom\bin;%USERPROFILE%\AppData\Local\Microsoft\WindowsApps;;C:\Users\54116\Downloads\wollok;
USERNAME=Leandro Peppe
OS=Windows_NT
PROCESSOR_IDENTIFIER=Intel64 Family 6 Model 142 Stepping 10, GenuineIntel



---------------  S Y S T E M  ---------------

OS: Windows 10.0 , 64 bit Build 19041 (10.0.19041.546)

CPU:total 8 (initial active 8) (4 cores per cpu, 2 threads per core) family 6 model 142 stepping 10, cmov, cx8, fxsr, mmx, sse, sse2, sse3, ssse3, sse4.1, sse4.2, popcnt, avx, avx2, aes, clmul, erms, 3dnowpref, lzcnt, ht, tsc, tscinvbit, bmi1, bmi2, adx

Memory: 4k page, physical 8251788k(3832256k free), swap 9562508k(3685104k free)

vm_info: OpenJDK 64-Bit Server VM (25.265-b01) for windows-amd64 JRE (1.8.0_265-b01), built on Jul 28 2020 15:11:27 by "jenkins" with MS VC++ 12.0 (VS2013)

time: Thu Nov 19 01:29:00 2020
timezone: Hora estándar de Argentina
elapsed time: 2 seconds (0d 0h 0m 2s)

